This is pdfTeX, Version 3.14159265-2.6-1.40.17 (TeX Live 2016/Debian) (preloaded format=pdflatex 2020.5.12)  18 JUN 2020 16:30
entering extended mode
 restricted \write18 enabled.
 %&-line parsing enabled.
**Report_CSI.tex
(./Report_CSI.tex
LaTeX2e <2017/01/01> patch level 3
Babel <3.9r> and hyphenation patterns for 6 language(s) loaded.
(/usr/share/texlive/texmf-dist/tex/latex/base/book.cls
Document Class: book 2014/09/29 v1.4h Standard LaTeX document class
(/usr/share/texlive/texmf-dist/tex/latex/base/bk11.clo
File: bk11.clo 2014/09/29 v1.4h Standard LaTeX file (size option)
)
\c@part=\count79
\c@chapter=\count80
\c@section=\count81
\c@subsection=\count82
\c@subsubsection=\count83
\c@paragraph=\count84
\c@subparagraph=\count85
\c@figure=\count86
\c@table=\count87
\abovecaptionskip=\skip41
\belowcaptionskip=\skip42
\bibindent=\dimen102
)
(/usr/share/texlive/texmf-dist/tex/latex/base/textcomp.sty
Package: textcomp 2017/02/22 v2.0g Standard LaTeX package
Package textcomp Info: Sub-encoding information:
(textcomp)               5 = only ISO-Adobe without \textcurrency
(textcomp)               4 = 5 + \texteuro
(textcomp)               3 = 4 + \textohm
(textcomp)               2 = 3 + \textestimated + \textcurrency
(textcomp)               1 = TS1 - \textcircled - \t
(textcomp)               0 = TS1 (full)
(textcomp)             Font families with sub-encoding setting implement
(textcomp)             only a restricted character set as indicated.
(textcomp)             Family '?' is the default used for unknown fonts.
(textcomp)             See the documentation for details.
Package textcomp Info: Setting ? sub-encoding to TS1/1 on input line 79.

(/usr/share/texlive/texmf-dist/tex/latex/base/ts1enc.def
File: ts1enc.def 2001/06/05 v3.0e (jk/car/fm) Standard LaTeX file
)
LaTeX Info: Redefining \oldstylenums on input line 334.
Package textcomp Info: Setting cmr sub-encoding to TS1/0 on input line 349.
Package textcomp Info: Setting cmss sub-encoding to TS1/0 on input line 350.
Package textcomp Info: Setting cmtt sub-encoding to TS1/0 on input line 351.
Package textcomp Info: Setting cmvtt sub-encoding to TS1/0 on input line 352.
Package textcomp Info: Setting cmbr sub-encoding to TS1/0 on input line 353.
Package textcomp Info: Setting cmtl sub-encoding to TS1/0 on input line 354.
Package textcomp Info: Setting ccr sub-encoding to TS1/0 on input line 355.
Package textcomp Info: Setting ptm sub-encoding to TS1/4 on input line 356.
Package textcomp Info: Setting pcr sub-encoding to TS1/4 on input line 357.
Package textcomp Info: Setting phv sub-encoding to TS1/4 on input line 358.
Package textcomp Info: Setting ppl sub-encoding to TS1/3 on input line 359.
Package textcomp Info: Setting pag sub-encoding to TS1/4 on input line 360.
Package textcomp Info: Setting pbk sub-encoding to TS1/4 on input line 361.
Package textcomp Info: Setting pnc sub-encoding to TS1/4 on input line 362.
Package textcomp Info: Setting pzc sub-encoding to TS1/4 on input line 363.
Package textcomp Info: Setting bch sub-encoding to TS1/4 on input line 364.
Package textcomp Info: Setting put sub-encoding to TS1/5 on input line 365.
Package textcomp Info: Setting uag sub-encoding to TS1/5 on input line 366.
Package textcomp Info: Setting ugq sub-encoding to TS1/5 on input line 367.
Package textcomp Info: Setting ul8 sub-encoding to TS1/4 on input line 368.
Package textcomp Info: Setting ul9 sub-encoding to TS1/4 on input line 369.
Package textcomp Info: Setting augie sub-encoding to TS1/5 on input line 370.
Package textcomp Info: Setting dayrom sub-encoding to TS1/3 on input line 371.
Package textcomp Info: Setting dayroms sub-encoding to TS1/3 on input line 372.

Package textcomp Info: Setting pxr sub-encoding to TS1/0 on input line 373.
Package textcomp Info: Setting pxss sub-encoding to TS1/0 on input line 374.
Package textcomp Info: Setting pxtt sub-encoding to TS1/0 on input line 375.
Package textcomp Info: Setting txr sub-encoding to TS1/0 on input line 376.
Package textcomp Info: Setting txss sub-encoding to TS1/0 on input line 377.
Package textcomp Info: Setting txtt sub-encoding to TS1/0 on input line 378.
Package textcomp Info: Setting lmr sub-encoding to TS1/0 on input line 379.
Package textcomp Info: Setting lmdh sub-encoding to TS1/0 on input line 380.
Package textcomp Info: Setting lmss sub-encoding to TS1/0 on input line 381.
Package textcomp Info: Setting lmssq sub-encoding to TS1/0 on input line 382.
Package textcomp Info: Setting lmvtt sub-encoding to TS1/0 on input line 383.
Package textcomp Info: Setting lmtt sub-encoding to TS1/0 on input line 384.
Package textcomp Info: Setting qhv sub-encoding to TS1/0 on input line 385.
Package textcomp Info: Setting qag sub-encoding to TS1/0 on input line 386.
Package textcomp Info: Setting qbk sub-encoding to TS1/0 on input line 387.
Package textcomp Info: Setting qcr sub-encoding to TS1/0 on input line 388.
Package textcomp Info: Setting qcs sub-encoding to TS1/0 on input line 389.
Package textcomp Info: Setting qpl sub-encoding to TS1/0 on input line 390.
Package textcomp Info: Setting qtm sub-encoding to TS1/0 on input line 391.
Package textcomp Info: Setting qzc sub-encoding to TS1/0 on input line 392.
Package textcomp Info: Setting qhvc sub-encoding to TS1/0 on input line 393.
Package textcomp Info: Setting futs sub-encoding to TS1/4 on input line 394.
Package textcomp Info: Setting futx sub-encoding to TS1/4 on input line 395.
Package textcomp Info: Setting futj sub-encoding to TS1/4 on input line 396.
Package textcomp Info: Setting hlh sub-encoding to TS1/3 on input line 397.
Package textcomp Info: Setting hls sub-encoding to TS1/3 on input line 398.
Package textcomp Info: Setting hlst sub-encoding to TS1/3 on input line 399.
Package textcomp Info: Setting hlct sub-encoding to TS1/5 on input line 400.
Package textcomp Info: Setting hlx sub-encoding to TS1/5 on input line 401.
Package textcomp Info: Setting hlce sub-encoding to TS1/5 on input line 402.
Package textcomp Info: Setting hlcn sub-encoding to TS1/5 on input line 403.
Package textcomp Info: Setting hlcw sub-encoding to TS1/5 on input line 404.
Package textcomp Info: Setting hlcf sub-encoding to TS1/5 on input line 405.
Package textcomp Info: Setting pplx sub-encoding to TS1/3 on input line 406.
Package textcomp Info: Setting pplj sub-encoding to TS1/3 on input line 407.
Package textcomp Info: Setting ptmx sub-encoding to TS1/4 on input line 408.
Package textcomp Info: Setting ptmj sub-encoding to TS1/4 on input line 409.
)
(/usr/share/texlive/texmf-dist/tex/latex/base/inputenc.sty
Package: inputenc 2015/03/17 v1.2c Input encoding file
\inpenc@prehook=\toks14
\inpenc@posthook=\toks15

(/usr/share/texlive/texmf-dist/tex/latex/base/utf8.def
File: utf8.def 2017/01/28 v1.1t UTF-8 support for inputenc
Now handling font encoding OML ...
... no UTF-8 mapping file for font encoding OML
Now handling font encoding T1 ...
... processing UTF-8 mapping file for font encoding T1

(/usr/share/texlive/texmf-dist/tex/latex/base/t1enc.dfu
File: t1enc.dfu 2017/01/28 v1.1t UTF-8 support for inputenc
   defining Unicode char U+00A0 (decimal 160)
   defining Unicode char U+00A1 (decimal 161)
   defining Unicode char U+00A3 (decimal 163)
   defining Unicode char U+00AB (decimal 171)
   defining Unicode char U+00AD (decimal 173)
   defining Unicode char U+00BB (decimal 187)
   defining Unicode char U+00BF (decimal 191)
   defining Unicode char U+00C0 (decimal 192)
   defining Unicode char U+00C1 (decimal 193)
   defining Unicode char U+00C2 (decimal 194)
   defining Unicode char U+00C3 (decimal 195)
   defining Unicode char U+00C4 (decimal 196)
   defining Unicode char U+00C5 (decimal 197)
   defining Unicode char U+00C6 (decimal 198)
   defining Unicode char U+00C7 (decimal 199)
   defining Unicode char U+00C8 (decimal 200)
   defining Unicode char U+00C9 (decimal 201)
   defining Unicode char U+00CA (decimal 202)
   defining Unicode char U+00CB (decimal 203)
   defining Unicode char U+00CC (decimal 204)
   defining Unicode char U+00CD (decimal 205)
   defining Unicode char U+00CE (decimal 206)
   defining Unicode char U+00CF (decimal 207)
   defining Unicode char U+00D0 (decimal 208)
   defining Unicode char U+00D1 (decimal 209)
   defining Unicode char U+00D2 (decimal 210)
   defining Unicode char U+00D3 (decimal 211)
   defining Unicode char U+00D4 (decimal 212)
   defining Unicode char U+00D5 (decimal 213)
   defining Unicode char U+00D6 (decimal 214)
   defining Unicode char U+00D8 (decimal 216)
   defining Unicode char U+00D9 (decimal 217)
   defining Unicode char U+00DA (decimal 218)
   defining Unicode char U+00DB (decimal 219)
   defining Unicode char U+00DC (decimal 220)
   defining Unicode char U+00DD (decimal 221)
   defining Unicode char U+00DE (decimal 222)
   defining Unicode char U+00DF (decimal 223)
   defining Unicode char U+00E0 (decimal 224)
   defining Unicode char U+00E1 (decimal 225)
   defining Unicode char U+00E2 (decimal 226)
   defining Unicode char U+00E3 (decimal 227)
   defining Unicode char U+00E4 (decimal 228)
   defining Unicode char U+00E5 (decimal 229)
   defining Unicode char U+00E6 (decimal 230)
   defining Unicode char U+00E7 (decimal 231)
   defining Unicode char U+00E8 (decimal 232)
   defining Unicode char U+00E9 (decimal 233)
   defining Unicode char U+00EA (decimal 234)
   defining Unicode char U+00EB (decimal 235)
   defining Unicode char U+00EC (decimal 236)
   defining Unicode char U+00ED (decimal 237)
   defining Unicode char U+00EE (decimal 238)
   defining Unicode char U+00EF (decimal 239)
   defining Unicode char U+00F0 (decimal 240)
   defining Unicode char U+00F1 (decimal 241)
   defining Unicode char U+00F2 (decimal 242)
   defining Unicode char U+00F3 (decimal 243)
   defining Unicode char U+00F4 (decimal 244)
   defining Unicode char U+00F5 (decimal 245)
   defining Unicode char U+00F6 (decimal 246)
   defining Unicode char U+00F8 (decimal 248)
   defining Unicode char U+00F9 (decimal 249)
   defining Unicode char U+00FA (decimal 250)
   defining Unicode char U+00FB (decimal 251)
   defining Unicode char U+00FC (decimal 252)
   defining Unicode char U+00FD (decimal 253)
   defining Unicode char U+00FE (decimal 254)
   defining Unicode char U+00FF (decimal 255)
   defining Unicode char U+0100 (decimal 256)
   defining Unicode char U+0101 (decimal 257)
   defining Unicode char U+0102 (decimal 258)
   defining Unicode char U+0103 (decimal 259)
   defining Unicode char U+0104 (decimal 260)
   defining Unicode char U+0105 (decimal 261)
   defining Unicode char U+0106 (decimal 262)
   defining Unicode char U+0107 (decimal 263)
   defining Unicode char U+0108 (decimal 264)
   defining Unicode char U+0109 (decimal 265)
   defining Unicode char U+010A (decimal 266)
   defining Unicode char U+010B (decimal 267)
   defining Unicode char U+010C (decimal 268)
   defining Unicode char U+010D (decimal 269)
   defining Unicode char U+010E (decimal 270)
   defining Unicode char U+010F (decimal 271)
   defining Unicode char U+0110 (decimal 272)
   defining Unicode char U+0111 (decimal 273)
   defining Unicode char U+0112 (decimal 274)
   defining Unicode char U+0113 (decimal 275)
   defining Unicode char U+0114 (decimal 276)
   defining Unicode char U+0115 (decimal 277)
   defining Unicode char U+0116 (decimal 278)
   defining Unicode char U+0117 (decimal 279)
   defining Unicode char U+0118 (decimal 280)
   defining Unicode char U+0119 (decimal 281)
   defining Unicode char U+011A (decimal 282)
   defining Unicode char U+011B (decimal 283)
   defining Unicode char U+011C (decimal 284)
   defining Unicode char U+011D (decimal 285)
   defining Unicode char U+011E (decimal 286)
   defining Unicode char U+011F (decimal 287)
   defining Unicode char U+0120 (decimal 288)
   defining Unicode char U+0121 (decimal 289)
   defining Unicode char U+0122 (decimal 290)
   defining Unicode char U+0123 (decimal 291)
   defining Unicode char U+0124 (decimal 292)
   defining Unicode char U+0125 (decimal 293)
   defining Unicode char U+0128 (decimal 296)
   defining Unicode char U+0129 (decimal 297)
   defining Unicode char U+012A (decimal 298)
   defining Unicode char U+012B (decimal 299)
   defining Unicode char U+012C (decimal 300)
   defining Unicode char U+012D (decimal 301)
   defining Unicode char U+012E (decimal 302)
   defining Unicode char U+012F (decimal 303)
   defining Unicode char U+0130 (decimal 304)
   defining Unicode char U+0131 (decimal 305)
   defining Unicode char U+0132 (decimal 306)
   defining Unicode char U+0133 (decimal 307)
   defining Unicode char U+0134 (decimal 308)
   defining Unicode char U+0135 (decimal 309)
   defining Unicode char U+0136 (decimal 310)
   defining Unicode char U+0137 (decimal 311)
   defining Unicode char U+0139 (decimal 313)
   defining Unicode char U+013A (decimal 314)
   defining Unicode char U+013B (decimal 315)
   defining Unicode char U+013C (decimal 316)
   defining Unicode char U+013D (decimal 317)
   defining Unicode char U+013E (decimal 318)
   defining Unicode char U+0141 (decimal 321)
   defining Unicode char U+0142 (decimal 322)
   defining Unicode char U+0143 (decimal 323)
   defining Unicode char U+0144 (decimal 324)
   defining Unicode char U+0145 (decimal 325)
   defining Unicode char U+0146 (decimal 326)
   defining Unicode char U+0147 (decimal 327)
   defining Unicode char U+0148 (decimal 328)
   defining Unicode char U+014A (decimal 330)
   defining Unicode char U+014B (decimal 331)
   defining Unicode char U+014C (decimal 332)
   defining Unicode char U+014D (decimal 333)
   defining Unicode char U+014E (decimal 334)
   defining Unicode char U+014F (decimal 335)
   defining Unicode char U+0150 (decimal 336)
   defining Unicode char U+0151 (decimal 337)
   defining Unicode char U+0152 (decimal 338)
   defining Unicode char U+0153 (decimal 339)
   defining Unicode char U+0154 (decimal 340)
   defining Unicode char U+0155 (decimal 341)
   defining Unicode char U+0156 (decimal 342)
   defining Unicode char U+0157 (decimal 343)
   defining Unicode char U+0158 (decimal 344)
   defining Unicode char U+0159 (decimal 345)
   defining Unicode char U+015A (decimal 346)
   defining Unicode char U+015B (decimal 347)
   defining Unicode char U+015C (decimal 348)
   defining Unicode char U+015D (decimal 349)
   defining Unicode char U+015E (decimal 350)
   defining Unicode char U+015F (decimal 351)
   defining Unicode char U+0160 (decimal 352)
   defining Unicode char U+0161 (decimal 353)
   defining Unicode char U+0162 (decimal 354)
   defining Unicode char U+0163 (decimal 355)
   defining Unicode char U+0164 (decimal 356)
   defining Unicode char U+0165 (decimal 357)
   defining Unicode char U+0168 (decimal 360)
   defining Unicode char U+0169 (decimal 361)
   defining Unicode char U+016A (decimal 362)
   defining Unicode char U+016B (decimal 363)
   defining Unicode char U+016C (decimal 364)
   defining Unicode char U+016D (decimal 365)
   defining Unicode char U+016E (decimal 366)
   defining Unicode char U+016F (decimal 367)
   defining Unicode char U+0170 (decimal 368)
   defining Unicode char U+0171 (decimal 369)
   defining Unicode char U+0172 (decimal 370)
   defining Unicode char U+0173 (decimal 371)
   defining Unicode char U+0174 (decimal 372)
   defining Unicode char U+0175 (decimal 373)
   defining Unicode char U+0176 (decimal 374)
   defining Unicode char U+0177 (decimal 375)
   defining Unicode char U+0178 (decimal 376)
   defining Unicode char U+0179 (decimal 377)
   defining Unicode char U+017A (decimal 378)
   defining Unicode char U+017B (decimal 379)
   defining Unicode char U+017C (decimal 380)
   defining Unicode char U+017D (decimal 381)
   defining Unicode char U+017E (decimal 382)
   defining Unicode char U+01CD (decimal 461)
   defining Unicode char U+01CE (decimal 462)
   defining Unicode char U+01CF (decimal 463)
   defining Unicode char U+01D0 (decimal 464)
   defining Unicode char U+01D1 (decimal 465)
   defining Unicode char U+01D2 (decimal 466)
   defining Unicode char U+01D3 (decimal 467)
   defining Unicode char U+01D4 (decimal 468)
   defining Unicode char U+01E2 (decimal 482)
   defining Unicode char U+01E3 (decimal 483)
   defining Unicode char U+01E6 (decimal 486)
   defining Unicode char U+01E7 (decimal 487)
   defining Unicode char U+01E8 (decimal 488)
   defining Unicode char U+01E9 (decimal 489)
   defining Unicode char U+01EA (decimal 490)
   defining Unicode char U+01EB (decimal 491)
   defining Unicode char U+01F0 (decimal 496)
   defining Unicode char U+01F4 (decimal 500)
   defining Unicode char U+01F5 (decimal 501)
   defining Unicode char U+0218 (decimal 536)
   defining Unicode char U+0219 (decimal 537)
   defining Unicode char U+021A (decimal 538)
   defining Unicode char U+021B (decimal 539)
   defining Unicode char U+0232 (decimal 562)
   defining Unicode char U+0233 (decimal 563)
   defining Unicode char U+1E02 (decimal 7682)
   defining Unicode char U+1E03 (decimal 7683)
   defining Unicode char U+200C (decimal 8204)
   defining Unicode char U+2010 (decimal 8208)
   defining Unicode char U+2011 (decimal 8209)
   defining Unicode char U+2012 (decimal 8210)
   defining Unicode char U+2013 (decimal 8211)
   defining Unicode char U+2014 (decimal 8212)
   defining Unicode char U+2015 (decimal 8213)
   defining Unicode char U+2018 (decimal 8216)
   defining Unicode char U+2019 (decimal 8217)
   defining Unicode char U+201A (decimal 8218)
   defining Unicode char U+201C (decimal 8220)
   defining Unicode char U+201D (decimal 8221)
   defining Unicode char U+201E (decimal 8222)
   defining Unicode char U+2030 (decimal 8240)
   defining Unicode char U+2031 (decimal 8241)
   defining Unicode char U+2039 (decimal 8249)
   defining Unicode char U+203A (decimal 8250)
   defining Unicode char U+2423 (decimal 9251)
   defining Unicode char U+1E20 (decimal 7712)
   defining Unicode char U+1E21 (decimal 7713)
)
Now handling font encoding OT1 ...
... processing UTF-8 mapping file for font encoding OT1

(/usr/share/texlive/texmf-dist/tex/latex/base/ot1enc.dfu
File: ot1enc.dfu 2017/01/28 v1.1t UTF-8 support for inputenc
   defining Unicode char U+00A0 (decimal 160)
   defining Unicode char U+00A1 (decimal 161)
   defining Unicode char U+00A3 (decimal 163)
   defining Unicode char U+00AD (decimal 173)
   defining Unicode char U+00B8 (decimal 184)
   defining Unicode char U+00BF (decimal 191)
   defining Unicode char U+00C5 (decimal 197)
   defining Unicode char U+00C6 (decimal 198)
   defining Unicode char U+00D8 (decimal 216)
   defining Unicode char U+00DF (decimal 223)
   defining Unicode char U+00E6 (decimal 230)
   defining Unicode char U+00EC (decimal 236)
   defining Unicode char U+00ED (decimal 237)
   defining Unicode char U+00EE (decimal 238)
   defining Unicode char U+00EF (decimal 239)
   defining Unicode char U+00F8 (decimal 248)
   defining Unicode char U+0131 (decimal 305)
   defining Unicode char U+0141 (decimal 321)
   defining Unicode char U+0142 (decimal 322)
   defining Unicode char U+0152 (decimal 338)
   defining Unicode char U+0153 (decimal 339)
   defining Unicode char U+0174 (decimal 372)
   defining Unicode char U+0175 (decimal 373)
   defining Unicode char U+0176 (decimal 374)
   defining Unicode char U+0177 (decimal 375)
   defining Unicode char U+0218 (decimal 536)
   defining Unicode char U+0219 (decimal 537)
   defining Unicode char U+021A (decimal 538)
   defining Unicode char U+021B (decimal 539)
   defining Unicode char U+2013 (decimal 8211)
   defining Unicode char U+2014 (decimal 8212)
   defining Unicode char U+2018 (decimal 8216)
   defining Unicode char U+2019 (decimal 8217)
   defining Unicode char U+201C (decimal 8220)
   defining Unicode char U+201D (decimal 8221)
)
Now handling font encoding OMS ...
... processing UTF-8 mapping file for font encoding OMS

(/usr/share/texlive/texmf-dist/tex/latex/base/omsenc.dfu
File: omsenc.dfu 2017/01/28 v1.1t UTF-8 support for inputenc
   defining Unicode char U+00A7 (decimal 167)
   defining Unicode char U+00B6 (decimal 182)
   defining Unicode char U+00B7 (decimal 183)
   defining Unicode char U+2020 (decimal 8224)
   defining Unicode char U+2021 (decimal 8225)
   defining Unicode char U+2022 (decimal 8226)
)
Now handling font encoding OMX ...
... no UTF-8 mapping file for font encoding OMX
Now handling font encoding U ...
... no UTF-8 mapping file for font encoding U
Now handling font encoding TS1 ...
... processing UTF-8 mapping file for font encoding TS1

(/usr/share/texlive/texmf-dist/tex/latex/base/ts1enc.dfu
File: ts1enc.dfu 2017/01/28 v1.1t UTF-8 support for inputenc
   defining Unicode char U+00A2 (decimal 162)
   defining Unicode char U+00A3 (decimal 163)
   defining Unicode char U+00A4 (decimal 164)
   defining Unicode char U+00A5 (decimal 165)
   defining Unicode char U+00A6 (decimal 166)
   defining Unicode char U+00A7 (decimal 167)
   defining Unicode char U+00A8 (decimal 168)
   defining Unicode char U+00A9 (decimal 169)
   defining Unicode char U+00AA (decimal 170)
   defining Unicode char U+00AC (decimal 172)
   defining Unicode char U+00AE (decimal 174)
   defining Unicode char U+00AF (decimal 175)
   defining Unicode char U+00B0 (decimal 176)
   defining Unicode char U+00B1 (decimal 177)
   defining Unicode char U+00B2 (decimal 178)
   defining Unicode char U+00B3 (decimal 179)
   defining Unicode char U+00B4 (decimal 180)
   defining Unicode char U+00B5 (decimal 181)
   defining Unicode char U+00B6 (decimal 182)
   defining Unicode char U+00B7 (decimal 183)
   defining Unicode char U+00B9 (decimal 185)
   defining Unicode char U+00BA (decimal 186)
   defining Unicode char U+00BC (decimal 188)
   defining Unicode char U+00BD (decimal 189)
   defining Unicode char U+00BE (decimal 190)
   defining Unicode char U+00D7 (decimal 215)
   defining Unicode char U+00F7 (decimal 247)
   defining Unicode char U+0192 (decimal 402)
   defining Unicode char U+02C7 (decimal 711)
   defining Unicode char U+02D8 (decimal 728)
   defining Unicode char U+02DD (decimal 733)
   defining Unicode char U+0E3F (decimal 3647)
   defining Unicode char U+2016 (decimal 8214)
   defining Unicode char U+2020 (decimal 8224)
   defining Unicode char U+2021 (decimal 8225)
   defining Unicode char U+2022 (decimal 8226)
   defining Unicode char U+2030 (decimal 8240)
   defining Unicode char U+2031 (decimal 8241)
   defining Unicode char U+203B (decimal 8251)
   defining Unicode char U+203D (decimal 8253)
   defining Unicode char U+2044 (decimal 8260)
   defining Unicode char U+204E (decimal 8270)
   defining Unicode char U+2052 (decimal 8274)
   defining Unicode char U+20A1 (decimal 8353)
   defining Unicode char U+20A4 (decimal 8356)
   defining Unicode char U+20A6 (decimal 8358)
   defining Unicode char U+20A9 (decimal 8361)
   defining Unicode char U+20AB (decimal 8363)
   defining Unicode char U+20AC (decimal 8364)
   defining Unicode char U+20B1 (decimal 8369)
   defining Unicode char U+2103 (decimal 8451)
   defining Unicode char U+2116 (decimal 8470)
   defining Unicode char U+2117 (decimal 8471)
   defining Unicode char U+211E (decimal 8478)
   defining Unicode char U+2120 (decimal 8480)
   defining Unicode char U+2122 (decimal 8482)
   defining Unicode char U+2126 (decimal 8486)
   defining Unicode char U+2127 (decimal 8487)
   defining Unicode char U+212E (decimal 8494)
   defining Unicode char U+2190 (decimal 8592)
   defining Unicode char U+2191 (decimal 8593)
   defining Unicode char U+2192 (decimal 8594)
   defining Unicode char U+2193 (decimal 8595)
   defining Unicode char U+2329 (decimal 9001)
   defining Unicode char U+232A (decimal 9002)
   defining Unicode char U+2422 (decimal 9250)
   defining Unicode char U+25E6 (decimal 9702)
   defining Unicode char U+25EF (decimal 9711)
   defining Unicode char U+266A (decimal 9834)
)
   defining Unicode char U+00A9 (decimal 169)
   defining Unicode char U+00AA (decimal 170)
   defining Unicode char U+00AE (decimal 174)
   defining Unicode char U+00BA (decimal 186)
   defining Unicode char U+02C6 (decimal 710)
   defining Unicode char U+02DC (decimal 732)
   defining Unicode char U+200C (decimal 8204)
   defining Unicode char U+2026 (decimal 8230)
   defining Unicode char U+2122 (decimal 8482)
   defining Unicode char U+2423 (decimal 9251)
))
(/usr/share/texlive/texmf-dist/tex/latex/base/makeidx.sty
Package: makeidx 2014/09/29 v1.0m Standard LaTeX package
)
(/usr/share/texlive/texmf-dist/tex/generic/babel/babel.sty
Package: babel 2016/04/23 3.9r The Babel package

(/usr/share/texlive/texmf-dist/tex/generic/babel-italian/italian.ldf
Language: italian 2015/03/26 v1.3n Italian support from the babel system

(/usr/share/texlive/texmf-dist/tex/generic/babel/babel.def
File: babel.def 2016/04/23 3.9r Babel common definitions
\babel@savecnt=\count88
\U@D=\dimen103
)
\it@lettering=\count89
\it@doublequoteactive=\count90
\it@ISOcompliance=\count91
)
(/usr/share/texlive/texmf-dist/tex/generic/babel-french/frenchb.ldf
Language: frenchb 2017/01/15 v3.2f French support from the babel system
\l@acadian = a dialect from \language\l@french 
\l@canadien = a dialect from \language\l@french 
\FB@nonchar=\count92
\FBcolonskip=\skip43
\FBthinskip=\skip44
Package babel Info: Making : an active character on input line 365.
Package babel Info: Making ; an active character on input line 366.
Package babel Info: Making ! an active character on input line 367.
Package babel Info: Making ? an active character on input line 368.
\FBguillskip=\skip45
\FBguill@level=\count93
\FB@everypar=\toks16
\FB@Mht=\dimen104
\mc@charclass=\count94
\mc@charfam=\count95
\mc@charslot=\count96
\std@mcc=\count97
\dec@mcc=\count98
\listindentFB=\skip46
\descindentFB=\skip47
\labelwidthFB=\skip48
\leftmarginFB=\skip49
\parindentFFN=\dimen105
\FBfnindent=\skip50
)
(/usr/share/texlive/texmf-dist/tex/generic/babel-english/english.ldf
Language: english 2012/08/20 v3.3p English support from the babel system
\l@british = a dialect from \language\l@english 
\l@UKenglish = a dialect from \language\l@english 
\l@canadian = a dialect from \language\l@american 
\l@australian = a dialect from \language\l@british 
\l@newzealand = a dialect from \language\l@british 
))
(/usr/share/texlive/texmf-dist/tex/latex/etoolbox/etoolbox.sty
Package: etoolbox 2017/01/02 v2.4 e-TeX tools for LaTeX (JAW)
\etb@tempcnta=\count99
)
(/usr/share/texlive/texmf-dist/tex/latex/carlisle/scalefnt.sty)
(/usr/share/texlive/texmf-dist/tex/latex/graphics/keyval.sty
Package: keyval 2014/10/28 v1.15 key=value parser (DPC)
\KV@toks@=\toks17
)
(/usr/share/texlive/texmf-dist/tex/latex/amsmath/amsmath.sty
Package: amsmath 2016/11/05 v2.16a AMS math features
\@mathmargin=\skip51

For additional information on amsmath, use the `?' option.
(/usr/share/texlive/texmf-dist/tex/latex/amsmath/amstext.sty
Package: amstext 2000/06/29 v2.01 AMS text

(/usr/share/texlive/texmf-dist/tex/latex/amsmath/amsgen.sty
File: amsgen.sty 1999/11/30 v2.0 generic functions
\@emptytoks=\toks18
\ex@=\dimen106
))
(/usr/share/texlive/texmf-dist/tex/latex/amsmath/amsbsy.sty
Package: amsbsy 1999/11/29 v1.2d Bold Symbols
\pmbraise@=\dimen107
)
(/usr/share/texlive/texmf-dist/tex/latex/amsmath/amsopn.sty
Package: amsopn 2016/03/08 v2.02 operator names
)
\inf@bad=\count100
LaTeX Info: Redefining \frac on input line 213.
\uproot@=\count101
\leftroot@=\count102
LaTeX Info: Redefining \overline on input line 375.
\classnum@=\count103
\DOTSCASE@=\count104
LaTeX Info: Redefining \ldots on input line 472.
LaTeX Info: Redefining \dots on input line 475.
LaTeX Info: Redefining \cdots on input line 596.
\Mathstrutbox@=\box26
\strutbox@=\box27
\big@size=\dimen108
LaTeX Font Info:    Redeclaring font encoding OML on input line 712.
LaTeX Font Info:    Redeclaring font encoding OMS on input line 713.
\macc@depth=\count105
\c@MaxMatrixCols=\count106
\dotsspace@=\muskip10
\c@parentequation=\count107
\dspbrk@lvl=\count108
\tag@help=\toks19
\row@=\count109
\column@=\count110
\maxfields@=\count111
\andhelp@=\toks20
\eqnshift@=\dimen109
\alignsep@=\dimen110
\tagshift@=\dimen111
\tagwidth@=\dimen112
\totwidth@=\dimen113
\lineht@=\dimen114
\@envbody=\toks21
\multlinegap=\skip52
\multlinetaggap=\skip53
\mathdisplay@stack=\toks22
LaTeX Info: Redefining \[ on input line 2817.
LaTeX Info: Redefining \] on input line 2818.
)
(/usr/share/texlive/texmf-dist/tex/latex/amsfonts/amssymb.sty
Package: amssymb 2013/01/14 v3.01 AMS font symbols

(/usr/share/texlive/texmf-dist/tex/latex/amsfonts/amsfonts.sty
Package: amsfonts 2013/01/14 v3.01 Basic AMSFonts support
\symAMSa=\mathgroup4
\symAMSb=\mathgroup5
LaTeX Font Info:    Overwriting math alphabet `\mathfrak' in version `bold'
(Font)                  U/euf/m/n --> U/euf/b/n on input line 106.
))
(./IEEEtrantools.sty
Package: IEEEtrantools 2015/08/26 V1.5 by Michael Shell

-- See the "IEEEtrantools_doc.txt" manual for usage information.
-- http://www.michaelshell.org/tex/ieeetran/tools/
\@IEEEtrantmpdimenA=\dimen115
\@IEEEtrantmpdimenB=\dimen116
\@IEEEtrantmpdimenC=\dimen117
\@IEEEtrantmpcountA=\count112
\@IEEEtrantmpcountB=\count113
\@IEEEtrantmpcountC=\count114
\@IEEEtrantmptoksA=\toks23
\IEEEnormaljot=\dimen118
\IEEEquantizedlength=\dimen119
\IEEEquantizedlengthdiff=\dimen120
\IEEEquantizedtextheightdiff=\dimen121
\IEEEilabelindentA=\dimen122
\IEEEilabelindentB=\dimen123
\IEEEilabelindent=\dimen124
\IEEEelabelindent=\dimen125
\IEEEdlabelindent=\dimen126
\IEEElabelindent=\dimen127
\IEEEiednormlabelsep=\dimen128
\IEEEiedmathlabelsep=\dimen129
\IEEEiedtopsep=\skip54
\c@IEEEsubequation=\count115
\@IEEEeqnnumcols=\count116
\@IEEEeqncolcnt=\count117
\@IEEEsubeqnnumrollback=\count118
\IEEEPARstartletwidth=\dimen130
) (/usr/share/texlive/texmf-dist/tex/latex/fancyhdr/fancyhdr.sty
Package: fancyhdr 2016/09/06 3.8 Extensive control of page headers and footers
\fancy@headwidth=\skip55
\f@ncyO@elh=\skip56
\f@ncyO@erh=\skip57
\f@ncyO@olh=\skip58
\f@ncyO@orh=\skip59
\f@ncyO@elf=\skip60
\f@ncyO@erf=\skip61
\f@ncyO@olf=\skip62
\f@ncyO@orf=\skip63
)
(/usr/share/texlive/texmf-dist/tex/latex/tools/verbatim.sty
Package: verbatim 2014/10/28 v1.5q LaTeX2e package for verbatim enhancements
\every@verbatim=\toks24
\verbatim@line=\toks25
\verbatim@in@stream=\read1
)
(/usr/share/texlive/texmf-dist/tex/latex/graphics/graphicx.sty
Package: graphicx 2014/10/28 v1.0g Enhanced LaTeX Graphics (DPC,SPQR)

(/usr/share/texlive/texmf-dist/tex/latex/graphics/graphics.sty
Package: graphics 2016/10/09 v1.0u Standard LaTeX Graphics (DPC,SPQR)

(/usr/share/texlive/texmf-dist/tex/latex/graphics/trig.sty
Package: trig 2016/01/03 v1.10 sin cos tan (DPC)
)
(/usr/share/texlive/texmf-dist/tex/latex/graphics-cfg/graphics.cfg
File: graphics.cfg 2016/06/04 v1.11 sample graphics configuration
)
Package graphics Info: Driver file: pdftex.def on input line 99.

(/usr/share/texlive/texmf-dist/tex/latex/graphics-def/pdftex.def
File: pdftex.def 2017/01/12 v0.06k Graphics/color for pdfTeX

(/usr/share/texlive/texmf-dist/tex/generic/oberdiek/infwarerr.sty
Package: infwarerr 2016/05/16 v1.4 Providing info/warning/error messages (HO)
)
(/usr/share/texlive/texmf-dist/tex/generic/oberdiek/ltxcmds.sty
Package: ltxcmds 2016/05/16 v1.23 LaTeX kernel commands for general use (HO)
)
\Gread@gobject=\count119
))
\Gin@req@height=\dimen131
\Gin@req@width=\dimen132
)
(/usr/share/texlive/texmf-dist/tex/latex/oberdiek/epstopdf.sty
Package: epstopdf 2016/05/15 v2.6 Conversion with epstopdf on the fly (HO)

(/usr/share/texlive/texmf-dist/tex/latex/oberdiek/epstopdf-base.sty
Package: epstopdf-base 2016/05/15 v2.6 Base part for package epstopdf

(/usr/share/texlive/texmf-dist/tex/latex/oberdiek/grfext.sty
Package: grfext 2016/05/16 v1.2 Manage graphics extensions (HO)

(/usr/share/texlive/texmf-dist/tex/generic/oberdiek/kvdefinekeys.sty
Package: kvdefinekeys 2016/05/16 v1.4 Define keys (HO)
))
(/usr/share/texlive/texmf-dist/tex/latex/oberdiek/kvoptions.sty
Package: kvoptions 2016/05/16 v3.12 Key value format for package options (HO)

(/usr/share/texlive/texmf-dist/tex/generic/oberdiek/kvsetkeys.sty
Package: kvsetkeys 2016/05/16 v1.17 Key value parser (HO)

(/usr/share/texlive/texmf-dist/tex/generic/oberdiek/etexcmds.sty
Package: etexcmds 2016/05/16 v1.6 Avoid name clashes with e-TeX commands (HO)

(/usr/share/texlive/texmf-dist/tex/generic/oberdiek/ifluatex.sty
Package: ifluatex 2016/05/16 v1.4 Provides the ifluatex switch (HO)
Package ifluatex Info: LuaTeX not detected.
)
Package etexcmds Info: Could not find \expanded.
(etexcmds)             That can mean that you are not using pdfTeX 1.50 or
(etexcmds)             that some package has redefined \expanded.
(etexcmds)             In the latter case, load this package earlier.
)))
(/usr/share/texlive/texmf-dist/tex/generic/oberdiek/pdftexcmds.sty
Package: pdftexcmds 2016/05/21 v0.22 Utility functions of pdfTeX for LuaTeX (HO
)

(/usr/share/texlive/texmf-dist/tex/generic/oberdiek/ifpdf.sty
Package: ifpdf 2016/05/14 v3.1 Provides the ifpdf switch
)
Package pdftexcmds Info: LuaTeX not detected.
Package pdftexcmds Info: \pdf@primitive is available.
Package pdftexcmds Info: \pdf@ifprimitive is available.
Package pdftexcmds Info: \pdfdraftmode found.
)
Package epstopdf-base Info: Redefining graphics rule for `.eps' on input line 4
38.
Package grfext Info: Graphics extension search list:
(grfext)             [.png,.pdf,.jpg,.mps,.jpeg,.jbig2,.jb2,.PNG,.PDF,.JPG,.JPE
G,.JBIG2,.JB2,.eps]
(grfext)             \AppendGraphicsExtensions on input line 456.

(/usr/share/texlive/texmf-dist/tex/latex/latexconfig/epstopdf-sys.cfg
File: epstopdf-sys.cfg 2010/07/13 v1.3 Configuration of (r)epstopdf for TeX Liv
e
)))
(/usr/share/texlive/texmf-dist/tex/latex/geometry/geometry.sty
Package: geometry 2010/09/12 v5.6 Page Geometry

(/usr/share/texlive/texmf-dist/tex/generic/oberdiek/ifvtex.sty
Package: ifvtex 2016/05/16 v1.6 Detect VTeX and its facilities (HO)
Package ifvtex Info: VTeX not detected.
)
(/usr/share/texlive/texmf-dist/tex/generic/ifxetex/ifxetex.sty
Package: ifxetex 2010/09/12 v0.6 Provides ifxetex conditional
)
\Gm@cnth=\count120
\Gm@cntv=\count121
\c@Gm@tempcnt=\count122
\Gm@bindingoffset=\dimen133
\Gm@wd@mp=\dimen134
\Gm@odd@mp=\dimen135
\Gm@even@mp=\dimen136
\Gm@layoutwidth=\dimen137
\Gm@layoutheight=\dimen138
\Gm@layouthoffset=\dimen139
\Gm@layoutvoffset=\dimen140
\Gm@dimlist=\toks26
)
(/usr/share/texlive/texmf-dist/tex/latex/hyperref/hyperref.sty
Package: hyperref 2016/06/24 v6.83q Hypertext links for LaTeX

(/usr/share/texlive/texmf-dist/tex/generic/oberdiek/hobsub-hyperref.sty
Package: hobsub-hyperref 2016/05/16 v1.14 Bundle oberdiek, subset hyperref (HO)


(/usr/share/texlive/texmf-dist/tex/generic/oberdiek/hobsub-generic.sty
Package: hobsub-generic 2016/05/16 v1.14 Bundle oberdiek, subset generic (HO)
Package: hobsub 2016/05/16 v1.14 Construct package bundles (HO)
Package hobsub Info: Skipping package `infwarerr' (already loaded).
Package hobsub Info: Skipping package `ltxcmds' (already loaded).
Package hobsub Info: Skipping package `ifluatex' (already loaded).
Package hobsub Info: Skipping package `ifvtex' (already loaded).
Package: intcalc 2016/05/16 v1.2 Expandable calculations with integers (HO)
Package hobsub Info: Skipping package `ifpdf' (already loaded).
Package hobsub Info: Skipping package `etexcmds' (already loaded).
Package hobsub Info: Skipping package `kvsetkeys' (already loaded).
Package hobsub Info: Skipping package `kvdefinekeys' (already loaded).
Package hobsub Info: Skipping package `pdftexcmds' (already loaded).
Package: pdfescape 2016/05/16 v1.14 Implements pdfTeX's escape features (HO)
Package: bigintcalc 2016/05/16 v1.4 Expandable calculations on big integers (HO
)
Package: bitset 2016/05/16 v1.2 Handle bit-vector datatype (HO)
Package: uniquecounter 2016/05/16 v1.3 Provide unlimited unique counter (HO)
)
Package hobsub Info: Skipping package `hobsub' (already loaded).
Package: letltxmacro 2016/05/16 v1.5 Let assignment for LaTeX macros (HO)
Package: hopatch 2016/05/16 v1.3 Wrapper for package hooks (HO)
Package: xcolor-patch 2016/05/16 xcolor patch
Package: atveryend 2016/05/16 v1.9 Hooks at the very end of document (HO)
Package: atbegshi 2016/06/09 v1.18 At begin shipout hook (HO)
Package: refcount 2016/05/16 v3.5 Data extraction from label references (HO)
Package: hycolor 2016/05/16 v1.8 Color options for hyperref/bookmark (HO)
)
(/usr/share/texlive/texmf-dist/tex/latex/oberdiek/auxhook.sty
Package: auxhook 2016/05/16 v1.4 Hooks for auxiliary files (HO)
)
\@linkdim=\dimen141
\Hy@linkcounter=\count123
\Hy@pagecounter=\count124

(/usr/share/texlive/texmf-dist/tex/latex/hyperref/pd1enc.def
File: pd1enc.def 2016/06/24 v6.83q Hyperref: PDFDocEncoding definition (HO)
Now handling font encoding PD1 ...
... no UTF-8 mapping file for font encoding PD1
)
\Hy@SavedSpaceFactor=\count125

(/usr/share/texlive/texmf-dist/tex/latex/latexconfig/hyperref.cfg
File: hyperref.cfg 2002/06/06 v1.2 hyperref configuration of TeXLive
)
Package hyperref Info: Hyper figures OFF on input line 4486.
Package hyperref Info: Link nesting OFF on input line 4491.
Package hyperref Info: Hyper index ON on input line 4494.
Package hyperref Info: Plain pages OFF on input line 4501.
Package hyperref Info: Backreferencing OFF on input line 4506.
Package hyperref Info: Implicit mode ON; LaTeX internals redefined.
Package hyperref Info: Bookmarks ON on input line 4735.
\c@Hy@tempcnt=\count126

(/usr/share/texlive/texmf-dist/tex/latex/url/url.sty
\Urlmuskip=\muskip11
Package: url 2013/09/16  ver 3.4  Verb mode for urls, etc.
)
LaTeX Info: Redefining \url on input line 5088.
\XeTeXLinkMargin=\dimen142
\Fld@menulength=\count127
\Field@Width=\dimen143
\Fld@charsize=\dimen144
Package hyperref Info: Hyper figures OFF on input line 6342.
Package hyperref Info: Link nesting OFF on input line 6347.
Package hyperref Info: Hyper index ON on input line 6350.
Package hyperref Info: backreferencing OFF on input line 6357.
Package hyperref Info: Link coloring OFF on input line 6362.
Package hyperref Info: Link coloring with OCG OFF on input line 6367.
Package hyperref Info: PDF/A mode OFF on input line 6372.
LaTeX Info: Redefining \ref on input line 6412.
LaTeX Info: Redefining \pageref on input line 6416.
\Hy@abspage=\count128
\c@Item=\count129
\c@Hfootnote=\count130
)

Package hyperref Message: Driver (autodetected): hpdftex.

(/usr/share/texlive/texmf-dist/tex/latex/hyperref/hpdftex.def
File: hpdftex.def 2016/06/24 v6.83q Hyperref driver for pdfTeX
\Fld@listcount=\count131
\c@bookmark@seq@number=\count132

(/usr/share/texlive/texmf-dist/tex/latex/oberdiek/rerunfilecheck.sty
Package: rerunfilecheck 2016/05/16 v1.8 Rerun checks for auxiliary files (HO)
Package uniquecounter Info: New unique counter `rerunfilecheck' on input line 2
82.
)
\Hy@SectionHShift=\skip64
)
(/usr/share/texlive/texmf-dist/tex/latex/cases/cases.sty
Package: cases 2002/05/02 ver 2.5 
)
(/usr/share/texlive/texmf-dist/tex/latex/caption/subcaption.sty
Package: subcaption 2016/05/22 v1.1-161 Sub-captions (AR)

(/usr/share/texlive/texmf-dist/tex/latex/caption/caption.sty
Package: caption 2016/02/21 v3.3-144 Customizing captions (AR)

(/usr/share/texlive/texmf-dist/tex/latex/caption/caption3.sty
Package: caption3 2016/05/22 v1.7-166 caption3 kernel (AR)
Package caption3 Info: TeX engine: e-TeX on input line 67.
\captionmargin=\dimen145
\captionmargin@=\dimen146
\captionwidth=\dimen147
\caption@tempdima=\dimen148
\caption@indent=\dimen149
\caption@parindent=\dimen150
\caption@hangindent=\dimen151
)
\c@ContinuedFloat=\count133
Package caption Info: hyperref package is loaded.
)
\c@subfigure=\count134
\c@subtable=\count135
)
(/usr/share/texlive/texmf-dist/tex/latex/cancel/cancel.sty
Package: cancel 2013/04/12 v2.2 Cancel math terms
)
(/usr/share/texlive/texmf-dist/tex/latex/listings/listings.sty
\lst@mode=\count136
\lst@gtempboxa=\box28
\lst@token=\toks27
\lst@length=\count137
\lst@currlwidth=\dimen152
\lst@column=\count138
\lst@pos=\count139
\lst@lostspace=\dimen153
\lst@width=\dimen154
\lst@newlines=\count140
\lst@lineno=\count141
\lst@maxwidth=\dimen155

(/usr/share/texlive/texmf-dist/tex/latex/listings/lstmisc.sty
File: lstmisc.sty 2015/06/04 1.6 (Carsten Heinz)
\c@lstnumber=\count142
\lst@skipnumbers=\count143
\lst@framebox=\box29
)
(/usr/share/texlive/texmf-dist/tex/latex/listings/listings.cfg
File: listings.cfg 2015/06/04 1.6 listings configuration
))
Package: listings 2015/06/04 1.6 (Carsten Heinz)


Package Fancyhdr Warning: \fancyhead's `E' option without twoside option is use
less on input line 53.


Package Fancyhdr Warning: \fancyfoot's `E' option without twoside option is use
less on input line 53.

\@indexfile=\write3
\openout3 = `Report_CSI.idx'.

Writing index file Report_CSI.idx
(./Report_CSI.aux)
\openout1 = `Report_CSI.aux'.

LaTeX Font Info:    Checking defaults for OML/cmm/m/it on input line 56.
LaTeX Font Info:    ... okay on input line 56.
LaTeX Font Info:    Checking defaults for T1/cmr/m/n on input line 56.
LaTeX Font Info:    ... okay on input line 56.
LaTeX Font Info:    Checking defaults for OT1/cmr/m/n on input line 56.
LaTeX Font Info:    ... okay on input line 56.
LaTeX Font Info:    Checking defaults for OMS/cmsy/m/n on input line 56.
LaTeX Font Info:    ... okay on input line 56.
LaTeX Font Info:    Checking defaults for OMX/cmex/m/n on input line 56.
LaTeX Font Info:    ... okay on input line 56.
LaTeX Font Info:    Checking defaults for U/cmr/m/n on input line 56.
LaTeX Font Info:    ... okay on input line 56.
LaTeX Font Info:    Checking defaults for TS1/cmr/m/n on input line 56.
LaTeX Font Info:    Try loading font information for TS1+cmr on input line 56.
 (/usr/share/texlive/texmf-dist/tex/latex/base/ts1cmr.fd
File: ts1cmr.fd 2014/09/29 v2.5h Standard LaTeX font definitions
)
LaTeX Font Info:    ... okay on input line 56.
LaTeX Font Info:    Checking defaults for PD1/pdf/m/n on input line 56.
LaTeX Font Info:    ... okay on input line 56.
LaTeX Info: Redefining \it@ocap on input line 56.
LaTeX Info: Redefining \it@ccap on input line 56.


File italian.ldf warning: 
italian.ldf    With OT1 encoding guillemets are poorly faked
italian.ldf    Use T1 encoding
italian.ldf    or specify a font with command \CaporaliFrom
italian.ldf    See the documentation concerning the babel-italian typesetting 
italian.ldf    on input line 56.

LaTeX Info: Redefining \degres on input line 56.
LaTeX Info: Redefining \dots on input line 56.
LaTeX Info: Redefining \up on input line 56.

Package frenchb.ldf Warning: OT1 encoding should not be used for French.
(frenchb.ldf)                Add \usepackage[T1]{fontenc} to the preamble
(frenchb.ldf)                of your document, on input line 56.

(/usr/share/texlive/texmf-dist/tex/context/base/mkii/supp-pdf.mkii
[Loading MPS to PDF converter (version 2006.09.02).]
\scratchcounter=\count144
\scratchdimen=\dimen156
\scratchbox=\box30
\nofMPsegments=\count145
\nofMParguments=\count146
\everyMPshowfont=\toks28
\MPscratchCnt=\count147
\MPscratchDim=\dimen157
\MPnumerator=\count148
\makeMPintoPDFobject=\count149
\everyMPtoPDFconversion=\toks29
)
*geometry* driver: auto-detecting
*geometry* detected driver: pdftex
*geometry* verbose mode - [ preamble ] result:
* driver: pdftex
* paper: a4paper
* layout: <same size as paper>
* layoutoffset:(h,v)=(0.0pt,0.0pt)
* modes: 
* h-part:(L,W,R)=(79.6678pt, 438.17227pt, 79.6678pt)
* v-part:(T,H,B)=(79.6678pt, 685.71124pt, 79.6678pt)
* \paperwidth=597.50787pt
* \paperheight=845.04684pt
* \textwidth=438.17227pt
* \textheight=685.71124pt
* \oddsidemargin=7.39781pt
* \evensidemargin=7.39781pt
* \topmargin=-24.47598pt
* \headheight=15.0563pt
* \headsep=19.8738pt
* \topskip=11.0pt
* \footskip=27.46295pt
* \marginparwidth=53.0pt
* \marginparsep=7.0pt
* \columnsep=10.0pt
* \skip\footins=10.0pt plus 4.0pt minus 2.0pt
* \hoffset=0.0pt
* \voffset=0.0pt
* \mag=1000
* \@twocolumnfalse
* \@twosidefalse
* \@mparswitchfalse
* \@reversemarginfalse
* (1in=72.27pt=25.4mm, 1cm=28.453pt)

\AtBeginShipoutBox=\box31
Package hyperref Info: Link coloring OFF on input line 56.
(/usr/share/texlive/texmf-dist/tex/latex/hyperref/nameref.sty
Package: nameref 2016/05/21 v2.44 Cross-referencing by name of section

(/usr/share/texlive/texmf-dist/tex/generic/oberdiek/gettitlestring.sty
Package: gettitlestring 2016/05/16 v1.5 Cleanup title references (HO)
)
\c@section@level=\count150
)
LaTeX Info: Redefining \ref on input line 56.
LaTeX Info: Redefining \pageref on input line 56.
LaTeX Info: Redefining \nameref on input line 56.

(./Report_CSI.out) (./Report_CSI.out)
\@outlinefile=\write4
\openout4 = `Report_CSI.out'.

Package caption Info: Begin \AtBeginDocument code.
Package caption Info: listings package is loaded.
Package caption Info: End \AtBeginDocument code.
\c@lstlisting=\count151

<./Images/LogoCN_Q.pdf, id=208, 569.05598pt x 569.05598pt>
File: ./Images/LogoCN_Q.pdf Graphic file (type pdf)

<use ./Images/LogoCN_Q.pdf>
Package pdftex.def Info: ./Images/LogoCN_Q.pdf used on input line 70.
(pdftex.def)             Requested size: 131.45302pt x 72.52477pt.
LaTeX Font Info:    Try loading font information for U+msa on input line 72.

(/usr/share/texlive/texmf-dist/tex/latex/amsfonts/umsa.fd
File: umsa.fd 2013/01/14 v3.01 AMS symbols A
)
LaTeX Font Info:    Try loading font information for U+msb on input line 72.

(/usr/share/texlive/texmf-dist/tex/latex/amsfonts/umsb.fd
File: umsb.fd 2013/01/14 v3.01 AMS symbols B
)
<./Images/logo_Nextflow_Software.pdf, id=210, 1707.168pt x 1280.376pt>
File: ./Images/logo_Nextflow_Software.pdf Graphic file (type pdf)

<use ./Images/logo_Nextflow_Software.pdf>
Package pdftex.def Info: ./Images/logo_Nextflow_Software.pdf used on input line
 75.
(pdftex.def)             Requested size: 153.35962pt x 115.01396pt.
 [1



{/var/lib/texmf/fonts/map/pdftex/updmap/pdftex.map} <./Images/LogoCN_Q.pdf> <./
Images/logo_Nextflow_Software.pdf

pdfTeX warning: /usr/bin/pdflatex (file ./Images/logo_Nextflow_Software.pdf): P
DF inclusion: multiple pdfs with page group included in a single page
>] (./Report_CSI.toc

Package Fancyhdr Warning: \fancyfoot's `E' option without twoside option is use
less on input line 38.

pdfTeX warning (ext4): destination with the same identifier (name{page.i}) has 
been already used, duplicate ignored
<to be read again> 
                   \relax 
l.38 ...1}Initial Time Step}{24}{subsection.4.4.1}
                                                   [1

])
\tf@toc=\write5
\openout5 = `Report_CSI.toc'.

 [2] (./Report_CSI.lof)
\tf@lof=\write6
\openout6 = `Report_CSI.lof'.



Package Fancyhdr Warning: \fancyfoot's `E' option without twoside option is use
less on input line 99.

[3

]
Chapter 1.

Package Fancyhdr Warning: \fancyfoot's `E' option without twoside option is use
less on input line 113.

[1


] [2]
Chapter 2.

Package Fancyhdr Warning: \fancyfoot's `E' option without twoside option is use
less on input line 147.

[3

] [4] <./Images/StaggeredGrid.pdf, id=464, 206.7725pt x 206.7725pt>
File: ./Images/StaggeredGrid.pdf Graphic file (type pdf)

<use ./Images/StaggeredGrid.pdf>
Package pdftex.def Info: ./Images/StaggeredGrid.pdf used on input line 216.
(pdftex.def)             Requested size: 131.45302pt x 131.45682pt.
 [5] [6 <./Images/StaggeredGrid.pdf>]
<./Images/MultilevelGridAndQuadtree.pdf, id=508, 597.23125pt x 227.85126pt>
File: ./Images/MultilevelGridAndQuadtree.pdf Graphic file (type pdf)

<use ./Images/MultilevelGridAndQuadtree.pdf>
Package pdftex.def Info: ./Images/MultilevelGridAndQuadtree.pdf used on input l
ine 284.
(pdftex.def)             Requested size: 459.40471pt x 175.26622pt.

Overfull \hbox (21.23244pt too wide) in paragraph at lines 284--285
 [][] 
 []

<./Images/MortonKeys.pdf, id=509, 384.43625pt x 384.43625pt>
File: ./Images/MortonKeys.pdf Graphic file (type pdf)

<use ./Images/MortonKeys.pdf>
Package pdftex.def Info: ./Images/MortonKeys.pdf used on input line 292.
(pdftex.def)             Requested size: 131.45302pt x 131.45744pt.
 [7] [8 <./Images/MultilevelGridAndQuadtree.pdf> <./Images/MortonKeys.pdf

pdfTeX warning: /usr/bin/pdflatex (file ./Images/MortonKeys.pdf): PDF inclusion
: multiple pdfs with page group included in a single page
>] <./Images/LocalInnerOuter.pdf, id=535, 853.1875pt x 455.7025pt>
File: ./Images/LocalInnerOuter.pdf Graphic file (type pdf)

<use ./Images/LocalInnerOuter.pdf>
Package pdftex.def Info: ./Images/LocalInnerOuter.pdf used on input line 306.
(pdftex.def)             Requested size: 240.99608pt x 128.72227pt.
 [9 <./Images/LocalInnerOuter.pdf>]
<./Images/CellFluxes.pdf, id=555, 255.95625pt x 264.99pt>
File: ./Images/CellFluxes.pdf Graphic file (type pdf)

<use ./Images/CellFluxes.pdf>
Package pdftex.def Info: ./Images/CellFluxes.pdf used on input line 337.
(pdftex.def)             Requested size: 153.36296pt x 158.77687pt.
 [10 <./Images/CellFluxes.pdf>]
<./Images/LeftRightFluxes.pdf, id=580, 170.6375pt x 85.31876pt>
File: ./Images/LeftRightFluxes.pdf Graphic file (type pdf)

<use ./Images/LeftRightFluxes.pdf>
Package pdftex.def Info: ./Images/LeftRightFluxes.pdf used on input line 361.
(pdftex.def)             Requested size: 109.54306pt x 54.77174pt.
 [11 <./Images/LeftRightFluxes.pdf>]
<./Images/WENO.pdf, id=610, 426.59375pt x 255.95625pt>
File: ./Images/WENO.pdf Graphic file (type pdf)
 <use ./Images/WENO.pdf>
Package pdftex.def Info: ./Images/WENO.pdf used on input line 392.
(pdftex.def)             Requested size: 219.08614pt x 131.45375pt.

[12 <./Images/WENO.pdf>]
Underfull \hbox (badness 10000) in paragraph at lines 418--419

 []

[13]
Package epstopdf Info: Source file: <./Images/Heaviside.eps>
(epstopdf)                    date: 2020-06-12 11:06:42
(epstopdf)                    size: 194750 bytes
(epstopdf)             Output file: <./Images/Heaviside-eps-converted-to.pdf>
(epstopdf)                    date: 2020-06-15 09:30:46
(epstopdf)                    size: 70958 bytes
(epstopdf)             Command: <repstopdf --outfile=./Images/Heaviside-eps-con
verted-to.pdf ./Images/Heaviside.eps>
(epstopdf)             \includegraphics on input line 453.
Package epstopdf Info: Output file is already uptodate.


pdfTeX warning: /usr/bin/pdflatex (file ./Images/Heaviside-eps-converted-to.pdf
): PDF inclusion: found PDF version <1.7>, but at most version <1.5> allowed
<./Images/Heaviside-eps-converted-to.pdf, id=641, 413.545pt x 298.11375pt>
File: ./Images/Heaviside-eps-converted-to.pdf Graphic file (type pdf)

<use ./Images/Heaviside-eps-converted-to.pdf>
Package pdftex.def Info: ./Images/Heaviside-eps-converted-to.pdf used on input 
line 453.
(pdftex.def)             Requested size: 284.8093pt x 205.3166pt.
 [14] [15 <./Images/Heaviside-eps-converted-to.pdf>]
Chapter 3.

Package Fancyhdr Warning: \fancyfoot's `E' option without twoside option is use
less on input line 485.

[16

] <./Images/VOF.pdf, id=671, 384.43625pt x 384.43625pt>
File: ./Images/VOF.pdf Graphic file (type pdf)

<use ./Images/VOF.pdf>
Package pdftex.def Info: ./Images/VOF.pdf used on input line 489.
(pdftex.def)             Requested size: 153.36296pt x 153.367pt.

<./Images/LevelSet.pdf, id=674, 341.275pt x 276.03125pt>
File: ./Images/LevelSet.pdf Graphic file (type pdf)

<use ./Images/LevelSet.pdf>
Package pdftex.def Info: ./Images/LevelSet.pdf used on input line 508.
(pdftex.def)             Requested size: 153.36296pt x 124.04443pt.
 [17 <./Images/VOF.pdf>] [18 <./Images/LevelSet.pdf>]

Package Fancyhdr Warning: \headheight is too small (15.0563pt): 
 Make it at least 25.19295pt.
 We now make it that large for the rest of the document.
 This may cause the page layout to be inconsistent, however.

[19]
Chapter 4.

Package Fancyhdr Warning: \fancyfoot's `E' option without twoside option is use
less on input line 592.

[20

] [21] <./Images/StaggeredGrid4.pdf, id=797, 190.7125pt x 184.69pt>
File: ./Images/StaggeredGrid4.pdf Graphic file (type pdf)

<use ./Images/StaggeredGrid4.pdf>
Package pdftex.def Info: ./Images/StaggeredGrid4.pdf used on input line 647.
(pdftex.def)             Requested size: 131.45302pt x 127.30658pt.
 [22 <./Images/StaggeredGrid4.pdf>]
Underfull \hbox (badness 10000) in paragraph at lines 681--683

 []


Underfull \hbox (badness 10000) in paragraph at lines 681--683

 []

[23] [24] [25]
Chapter 5.
<./Images/ZalesakSetup.pdf, id=857, 284.06125pt x 284.06125pt>
File: ./Images/ZalesakSetup.pdf Graphic file (type pdf)

<use ./Images/ZalesakSetup.pdf>
Package pdftex.def Info: ./Images/ZalesakSetup.pdf used on input line 749.
(pdftex.def)             Requested size: 208.13115pt x 208.13882pt.
Package epstopdf Info: Source file: <./Images/ZalesakMesh.eps>
(epstopdf)                    date: 2020-06-12 11:08:48
(epstopdf)                    size: 1271810 bytes
(epstopdf)             Output file: <./Images/ZalesakMesh-eps-converted-to.pdf>

(epstopdf)                    date: 2020-06-15 09:30:48
(epstopdf)                    size: 158709 bytes
(epstopdf)             Command: <repstopdf --outfile=./Images/ZalesakMesh-eps-c
onverted-to.pdf ./Images/ZalesakMesh.eps>
(epstopdf)             \includegraphics on input line 753.
Package epstopdf Info: Output file is already uptodate.


pdfTeX warning: /usr/bin/pdflatex (file ./Images/ZalesakMesh-eps-converted-to.p
df): PDF inclusion: found PDF version <1.7>, but at most version <1.5> allowed
<./Images/ZalesakMesh-eps-converted-to.pdf, id=858, 598.235pt x 531.9875pt>
File: ./Images/ZalesakMesh-eps-converted-to.pdf Graphic file (type pdf)

<use ./Images/ZalesakMesh-eps-converted-to.pdf>
Package pdftex.def Info: ./Images/ZalesakMesh-eps-converted-to.pdf used on inpu
t line 753.
(pdftex.def)             Requested size: 240.99608pt x 220.166pt.

Overfull \hbox (21.90994pt too wide) in paragraph at lines 753--754
[][] 
 []


Package Fancyhdr Warning: \fancyfoot's `E' option without twoside option is use
less on input line 758.

[26

 <./Images/ZalesakMesh-eps-converted-to.pdf> <./Images/ZalesakSetup.pdf

pdfTeX warning: /usr/bin/pdflatex (file ./Images/ZalesakSetup.pdf): PDF inclusi
on: multiple pdfs with page group included in a single page
>]
Package epstopdf Info: Source file: <./Images/ZalesakWC_T0.eps>
(epstopdf)                    date: 2020-06-12 11:09:04
(epstopdf)                    size: 750552 bytes
(epstopdf)             Output file: <./Images/ZalesakWC_T0-eps-converted-to.pdf
>
(epstopdf)                    date: 2020-06-15 09:30:50
(epstopdf)                    size: 100852 bytes
(epstopdf)             Command: <repstopdf --outfile=./Images/ZalesakWC_T0-eps-
converted-to.pdf ./Images/ZalesakWC_T0.eps>
(epstopdf)             \includegraphics on input line 770.
Package epstopdf Info: Output file is already uptodate.


pdfTeX warning: /usr/bin/pdflatex (file ./Images/ZalesakWC_T0-eps-converted-to.
pdf): PDF inclusion: found PDF version <1.7>, but at most version <1.5> allowed

<./Images/ZalesakWC_T0-eps-converted-to.pdf, id=881, 598.235pt x 531.9875pt>
File: ./Images/ZalesakWC_T0-eps-converted-to.pdf Graphic file (type pdf)

<use ./Images/ZalesakWC_T0-eps-converted-to.pdf>
Package pdftex.def Info: ./Images/ZalesakWC_T0-eps-converted-to.pdf used on inp
ut line 770.
(pdftex.def)             Requested size: 219.08614pt x 197.16621pt.
Package epstopdf Info: Source file: <./Images/ZalesakWC_T1.eps>
(epstopdf)                    date: 2020-06-12 11:09:12
(epstopdf)                    size: 758166 bytes
(epstopdf)             Output file: <./Images/ZalesakWC_T1-eps-converted-to.pdf
>
(epstopdf)                    date: 2020-06-15 09:30:50
(epstopdf)                    size: 103163 bytes
(epstopdf)             Command: <repstopdf --outfile=./Images/ZalesakWC_T1-eps-
converted-to.pdf ./Images/ZalesakWC_T1.eps>
(epstopdf)             \includegraphics on input line 775.
Package epstopdf Info: Output file is already uptodate.


pdfTeX warning: /usr/bin/pdflatex (file ./Images/ZalesakWC_T1-eps-converted-to.
pdf): PDF inclusion: found PDF version <1.7>, but at most version <1.5> allowed

<./Images/ZalesakWC_T1-eps-converted-to.pdf, id=883, 598.235pt x 531.9875pt>
File: ./Images/ZalesakWC_T1-eps-converted-to.pdf Graphic file (type pdf)

<use ./Images/ZalesakWC_T1-eps-converted-to.pdf>
Package pdftex.def Info: ./Images/ZalesakWC_T1-eps-converted-to.pdf used on inp
ut line 775.
(pdftex.def)             Requested size: 219.08614pt x 197.16621pt.
Package epstopdf Info: Source file: <./Images/ZalesakIC_O_T1.eps>
(epstopdf)                    date: 2020-06-12 11:08:42
(epstopdf)                    size: 490498 bytes
(epstopdf)             Output file: <./Images/ZalesakIC_O_T1-eps-converted-to.p
df>
(epstopdf)                    date: 2020-06-15 09:30:52
(epstopdf)                    size: 67172 bytes
(epstopdf)             Command: <repstopdf --outfile=./Images/ZalesakIC_O_T1-ep
s-converted-to.pdf ./Images/ZalesakIC_O_T1.eps>
(epstopdf)             \includegraphics on input line 780.
Package epstopdf Info: Output file is already uptodate.


pdfTeX warning: /usr/bin/pdflatex (file ./Images/ZalesakIC_O_T1-eps-converted-t
o.pdf): PDF inclusion: found PDF version <1.7>, but at most version <1.5> allow
ed

<./Images/ZalesakIC_O_T1-eps-converted-to.pdf, id=885, 598.235pt x 531.9875pt>
File: ./Images/ZalesakIC_O_T1-eps-converted-to.pdf Graphic file (type pdf)

<use ./Images/ZalesakIC_O_T1-eps-converted-to.pdf>
Package pdftex.def Info: ./Images/ZalesakIC_O_T1-eps-converted-to.pdf used on i
nput line 780.
(pdftex.def)             Requested size: 219.08614pt x 197.16621pt.
Package epstopdf Info: Source file: <./Images/ZalesakIC_N_T1.eps>
(epstopdf)                    date: 2020-06-12 11:08:36
(epstopdf)                    size: 750060 bytes
(epstopdf)             Output file: <./Images/ZalesakIC_N_T1-eps-converted-to.p
df>
(epstopdf)                    date: 2020-06-15 09:30:52
(epstopdf)                    size: 102788 bytes
(epstopdf)             Command: <repstopdf --outfile=./Images/ZalesakIC_N_T1-ep
s-converted-to.pdf ./Images/ZalesakIC_N_T1.eps>
(epstopdf)             \includegraphics on input line 785.
Package epstopdf Info: Output file is already uptodate.


pdfTeX warning: /usr/bin/pdflatex (file ./Images/ZalesakIC_N_T1-eps-converted-t
o.pdf): PDF inclusion: found PDF version <1.7>, but at most version <1.5> allow
ed

<./Images/ZalesakIC_N_T1-eps-converted-to.pdf, id=887, 598.235pt x 531.9875pt>
File: ./Images/ZalesakIC_N_T1-eps-converted-to.pdf Graphic file (type pdf)

<use ./Images/ZalesakIC_N_T1-eps-converted-to.pdf>
Package pdftex.def Info: ./Images/ZalesakIC_N_T1-eps-converted-to.pdf used on i
nput line 785.
(pdftex.def)             Requested size: 219.08614pt x 197.16621pt.
 [27 <./Images/ZalesakWC_T0-eps-converted-to.pdf> <./Images/ZalesakWC_T1-eps-co
nverted-to.pdf> <./Images/ZalesakIC_O_T1-eps-converted-to.pdf> <./Images/Zalesa
kIC_N_T1-eps-converted-to.pdf>]
Package epstopdf Info: Source file: <./Images/CPUTimeTG_64x64.eps>
(epstopdf)                    date: 2020-06-12 11:05:50
(epstopdf)                    size: 31361 bytes
(epstopdf)             Output file: <./Images/CPUTimeTG_64x64-eps-converted-to.
pdf>
(epstopdf)                    date: 2020-06-15 09:30:52
(epstopdf)                    size: 9933 bytes
(epstopdf)             Command: <repstopdf --outfile=./Images/CPUTimeTG_64x64-e
ps-converted-to.pdf ./Images/CPUTimeTG_64x64.eps>
(epstopdf)             \includegraphics on input line 801.
Package epstopdf Info: Output file is already uptodate.


pdfTeX warning: /usr/bin/pdflatex (file ./Images/CPUTimeTG_64x64-eps-converted-
to.pdf): PDF inclusion: found PDF version <1.7>, but at most version <1.5> allo
wed

<./Images/CPUTimeTG_64x64-eps-converted-to.pdf, id=938, 421.575pt x 316.18124pt
>
File: ./Images/CPUTimeTG_64x64-eps-converted-to.pdf Graphic file (type pdf)
 <use ./Images/CPUTimeTG_64x64-eps-converted-to.pdf>
Package pdftex.def Info: ./Images/CPUTimeTG_64x64-eps-converted-to.pdf used on 
input line 801.
(pdftex.def)             Requested size: 219.08614pt x 164.3187pt.
Package epstopdf Info: Source file: <./Images/CPUTimeTG_128x128.eps>
(epstopdf)                    date: 2020-06-12 11:05:44
(epstopdf)                    size: 30732 bytes
(epstopdf)             Output file: <./Images/CPUTimeTG_128x128-eps-converted-t
o.pdf>
(epstopdf)                    date: 2020-06-15 09:30:54
(epstopdf)                    size: 9998 bytes
(epstopdf)             Command: <repstopdf --outfile=./Images/CPUTimeTG_128x128
-eps-converted-to.pdf ./Images/CPUTimeTG_128x128.eps>
(epstopdf)             \includegraphics on input line 805.
Package epstopdf Info: Output file is already uptodate.


pdfTeX warning: /usr/bin/pdflatex (file ./Images/CPUTimeTG_128x128-eps-converte
d-to.pdf): PDF inclusion: found PDF version <1.7>, but at most version <1.5> al
lowed

<./Images/CPUTimeTG_128x128-eps-converted-to.pdf, id=939, 421.575pt x 316.18124
pt>
File: ./Images/CPUTimeTG_128x128-eps-converted-to.pdf Graphic file (type pdf)
 <use ./Images/CPUTimeTG_128x128-eps-converted-to.pdf>
Package pdftex.def Info: ./Images/CPUTimeTG_128x128-eps-converted-to.pdf used o
n input line 805.
(pdftex.def)             Requested size: 219.08614pt x 164.3187pt.
 [28 <./Images/CPUTimeTG_64x64-eps-converted-to.pdf> <./Images/CPUTimeTG_128x12
8-eps-converted-to.pdf>] <./Images/PoissonConvergence2019Code.pdf, id=962, 459.
7175pt x 345.29pt>
File: ./Images/PoissonConvergence2019Code.pdf Graphic file (type pdf)

<use ./Images/PoissonConvergence2019Code.pdf>
Package pdftex.def Info: ./Images/PoissonConvergence2019Code.pdf used on input 
line 826.
(pdftex.def)             Requested size: 219.08614pt x 164.55711pt.

<./Images/PoissonConvergence2020Code.pdf, id=963, 459.7175pt x 345.29pt>
File: ./Images/PoissonConvergence2020Code.pdf Graphic file (type pdf)

<use ./Images/PoissonConvergence2020Code.pdf>
Package pdftex.def Info: ./Images/PoissonConvergence2020Code.pdf used on input 
line 830.
(pdftex.def)             Requested size: 219.08614pt x 164.55711pt.
 [29 <./Images/PoissonConvergence2019Code.pdf> <./Images/PoissonConvergence2020
Code.pdf>]
<./Images/Hydrostatic_setup.pdf, id=980, 318.18875pt x 204.765pt>
File: ./Images/Hydrostatic_setup.pdf Graphic file (type pdf)

<use ./Images/Hydrostatic_setup.pdf>
Package pdftex.def Info: ./Images/Hydrostatic_setup.pdf used on input line 853.

(pdftex.def)             Requested size: 175.26622pt x 112.78668pt.
Package epstopdf Info: Source file: <./Images/HydrostaticT6p83.eps>
(epstopdf)                    date: 2020-06-12 11:06:48
(epstopdf)                    size: 1887868 bytes
(epstopdf)             Output file: <./Images/HydrostaticT6p83-eps-converted-to
.pdf>
(epstopdf)                    date: 2020-06-15 09:30:56
(epstopdf)                    size: 131122 bytes
(epstopdf)             Command: <repstopdf --outfile=./Images/HydrostaticT6p83-
eps-converted-to.pdf ./Images/HydrostaticT6p83.eps>
(epstopdf)             \includegraphics on input line 859.
Package epstopdf Info: Output file is already uptodate.


pdfTeX warning: /usr/bin/pdflatex (file ./Images/HydrostaticT6p83-eps-converted
-to.pdf): PDF inclusion: found PDF version <1.7>, but at most version <1.5> all
owed

<./Images/HydrostaticT6p83-eps-converted-to.pdf, id=983, 598.235pt x 273.02pt>
File: ./Images/HydrostaticT6p83-eps-converted-to.pdf Graphic file (type pdf)

<use ./Images/HydrostaticT6p83-eps-converted-to.pdf>
Package pdftex.def Info: ./Images/HydrostaticT6p83-eps-converted-to.pdf used on
 input line 859.
(pdftex.def)             Requested size: 481.99217pt x 219.97435pt.

Overfull \hbox (43.8199pt too wide) in paragraph at lines 859--860
 [][] 
 []

[30 <./Images/Hydrostatic_setup.pdf> <./Images/HydrostaticT6p83-eps-converted-t
o.pdf>]
Package epstopdf Info: Source file: <./Images/Hydrostatic_WENOTime.eps>
(epstopdf)                    date: 2020-06-12 11:07:02
(epstopdf)                    size: 68547 bytes
(epstopdf)             Output file: <./Images/Hydrostatic_WENOTime-eps-converte
d-to.pdf>
(epstopdf)                    date: 2020-06-15 09:30:56
(epstopdf)                    size: 21186 bytes
(epstopdf)             Command: <repstopdf --outfile=./Images/Hydrostatic_WENOT
ime-eps-converted-to.pdf ./Images/Hydrostatic_WENOTime.eps>
(epstopdf)             \includegraphics on input line 867.
Package epstopdf Info: Output file is already uptodate.


pdfTeX warning: /usr/bin/pdflatex (file ./Images/Hydrostatic_WENOTime-eps-conve
rted-to.pdf): PDF inclusion: found PDF version <1.7>, but at most version <1.5>
 allowed

<./Images/Hydrostatic_WENOTime-eps-converted-to.pdf, id=1010, 473.77pt x 373.39
5pt>
File: ./Images/Hydrostatic_WENOTime-eps-converted-to.pdf Graphic file (type pdf
)
 <use ./Images/Hydrostatic_WENOTime-eps-converted-to.pdf>
Package pdftex.def Info: ./Images/Hydrostatic_WENOTime-eps-converted-to.pdf use
d on input line 867.
(pdftex.def)             Requested size: 219.08614pt x 172.6697pt.
Package epstopdf Info: Source file: <./Images/Hydrostatic_MUSCLTime.eps>
(epstopdf)                    date: 2020-06-12 11:06:56
(epstopdf)                    size: 70865 bytes
(epstopdf)             Output file: <./Images/Hydrostatic_MUSCLTime-eps-convert
ed-to.pdf>
(epstopdf)                    date: 2020-06-15 09:30:56
(epstopdf)                    size: 21927 bytes
(epstopdf)             Command: <repstopdf --outfile=./Images/Hydrostatic_MUSCL
Time-eps-converted-to.pdf ./Images/Hydrostatic_MUSCLTime.eps>
(epstopdf)             \includegraphics on input line 871.
Package epstopdf Info: Output file is already uptodate.


pdfTeX warning: /usr/bin/pdflatex (file ./Images/Hydrostatic_MUSCLTime-eps-conv
erted-to.pdf): PDF inclusion: found PDF version <1.7>, but at most version <1.5
> allowed

<./Images/Hydrostatic_MUSCLTime-eps-converted-to.pdf, id=1011, 472.76625pt x 37
3.395pt>
File: ./Images/Hydrostatic_MUSCLTime-eps-converted-to.pdf Graphic file (type pd
f)
 <use ./Images/Hydrostatic_MUSCLTime-eps-converted-to.pdf>
Package pdftex.def Info: ./Images/Hydrostatic_MUSCLTime-eps-converted-to.pdf us
ed on input line 871.
(pdftex.def)             Requested size: 219.08614pt x 173.04002pt.
Package epstopdf Info: Source file: <./Images/LinearSloshingInterfaceMovement.e
ps>
(epstopdf)                    date: 2020-06-12 11:07:26
(epstopdf)                    size: 53965 bytes
(epstopdf)             Output file: <./Images/LinearSloshingInterfaceMovement-e
ps-converted-to.pdf>
(epstopdf)                    date: 2020-06-15 09:30:56
(epstopdf)                    size: 21589 bytes
(epstopdf)             Command: <repstopdf --outfile=./Images/LinearSloshingInt
erfaceMovement-eps-converted-to.pdf ./Images/LinearSloshingInterfaceMovement.ep
s>
(epstopdf)             \includegraphics on input line 885.
Package epstopdf Info: Output file is already uptodate.


pdfTeX warning: /usr/bin/pdflatex (file ./Images/LinearSloshingInterfaceMovemen
t-eps-converted-to.pdf): PDF inclusion: found PDF version <1.7>, but at most ve
rsion <1.5> allowed

<./Images/LinearSloshingInterfaceMovement-eps-converted-to.pdf, id=1014, 1387.1
825pt x 698.61pt>
File: ./Images/LinearSloshingInterfaceMovement-eps-converted-to.pdf Graphic fil
e (type pdf)

<use ./Images/LinearSloshingInterfaceMovement-eps-converted-to.pdf>
Package pdftex.def Info: ./Images/LinearSloshingInterfaceMovement-eps-converted
-to.pdf used on input line 885.
(pdftex.def)             Requested size: 394.35236pt x 198.6049pt.
 [31 <./Images/Hydrostatic_WENOTime-eps-converted-to.pdf> <./Images/Hydrostatic
_MUSCLTime-eps-converted-to.pdf>]
Package epstopdf Info: Source file: <./Images/LinearSloshingT4.eps>
(epstopdf)                    date: 2020-06-12 11:07:32
(epstopdf)                    size: 7421147 bytes
(epstopdf)             Output file: <./Images/LinearSloshingT4-eps-converted-to
.pdf>
(epstopdf)                    date: 2020-06-15 09:31:06
(epstopdf)                    size: 484672 bytes
(epstopdf)             Command: <repstopdf --outfile=./Images/LinearSloshingT4-
eps-converted-to.pdf ./Images/LinearSloshingT4.eps>
(epstopdf)             \includegraphics on input line 892.
Package epstopdf Info: Output file is already uptodate.


pdfTeX warning: /usr/bin/pdflatex (file ./Images/LinearSloshingT4-eps-converted
-to.pdf): PDF inclusion: found PDF version <1.7>, but at most version <1.5> all
owed

<./Images/LinearSloshingT4-eps-converted-to.pdf, id=1035, 598.235pt x 273.02pt>
File: ./Images/LinearSloshingT4-eps-converted-to.pdf Graphic file (type pdf)
<use ./Images/LinearSloshingT4-eps-converted-to.pdf>
Package pdftex.def Info: ./Images/LinearSloshingT4-eps-converted-to.pdf used on
 input line 892.
(pdftex.def)             Requested size: 481.99217pt x 219.97435pt.

Overfull \hbox (43.8199pt too wide) in paragraph at lines 892--893
 [][] 
 []

[32 <./Images/LinearSloshingInterfaceMovement-eps-converted-to.pdf> <./Images/L
inearSloshingT4-eps-converted-to.pdf>]
<./Images/Dambreak_setup.pdf, id=1059, 531.9875pt x 232.87pt>
File: ./Images/Dambreak_setup.pdf Graphic file (type pdf)

<use ./Images/Dambreak_setup.pdf>
Package pdftex.def Info: ./Images/Dambreak_setup.pdf used on input line 908.
(pdftex.def)             Requested size: 262.90604pt x 115.08444pt.
Package epstopdf Info: Source file: <./Images/DambreakAMRMesh.eps>
(epstopdf)                    date: 2020-06-12 11:06:20
(epstopdf)                    size: 3588049 bytes
(epstopdf)             Output file: <./Images/DambreakAMRMesh-eps-converted-to.
pdf>
(epstopdf)                    date: 2020-06-15 09:31:12
(epstopdf)                    size: 430745 bytes
(epstopdf)             Command: <repstopdf --outfile=./Images/DambreakAMRMesh-e
ps-converted-to.pdf ./Images/DambreakAMRMesh.eps>
(epstopdf)             \includegraphics on input line 914.
Package epstopdf Info: Output file is already uptodate.


pdfTeX warning: /usr/bin/pdflatex (file ./Images/DambreakAMRMesh-eps-converted-
to.pdf): PDF inclusion: found PDF version <1.7>, but at most version <1.5> allo
wed

<./Images/DambreakAMRMesh-eps-converted-to.pdf, id=1061, 598.235pt x 164.615pt>
File: ./Images/DambreakAMRMesh-eps-converted-to.pdf Graphic file (type pdf)
<use ./Images/DambreakAMRMesh-eps-converted-to.pdf>
Package pdftex.def Info: ./Images/DambreakAMRMesh-eps-converted-to.pdf used on 
input line 914.
(pdftex.def)             Requested size: 438.17227pt x 120.57234pt.
 [33 <./Images/Dambreak_setup.pdf> <./Images/DambreakAMRMesh-eps-converted-to.p
df>]
Package epstopdf Info: Source file: <./Images/Dambreak2019Times.eps>
(epstopdf)                    date: 2020-06-12 11:06:12
(epstopdf)                    size: 4829557 bytes
(epstopdf)             Output file: <./Images/Dambreak2019Times-eps-converted-t
o.pdf>
(epstopdf)                    date: 2020-06-15 09:31:18
(epstopdf)                    size: 338919 bytes
(epstopdf)             Command: <repstopdf --outfile=./Images/Dambreak2019Times
-eps-converted-to.pdf ./Images/Dambreak2019Times.eps>
(epstopdf)             \includegraphics on input line 920.
Package epstopdf Info: Output file is already uptodate.


pdfTeX warning: /usr/bin/pdflatex (file ./Images/Dambreak2019Times-eps-converte
d-to.pdf): PDF inclusion: found PDF version <1.7>, but at most version <1.5> al
lowed

<./Images/Dambreak2019Times-eps-converted-to.pdf, id=1089, 598.235pt x 489.83pt
>
File: ./Images/Dambreak2019Times-eps-converted-to.pdf Graphic file (type pdf)
 <use ./Images/Dambreak2019Times-eps-converted-to.pdf>
Package pdftex.def Info: ./Images/Dambreak2019Times-eps-converted-to.pdf used o
n input line 920.
(pdftex.def)             Requested size: 481.99217pt x 394.65987pt.

Overfull \hbox (43.8199pt too wide) in paragraph at lines 920--921
 [][] 
 []

Package epstopdf Info: Source file: <./Images/Dambreak2019LS.eps>
(epstopdf)                    date: 2020-06-12 11:06:04
(epstopdf)                    size: 1479850 bytes
(epstopdf)             Output file: <./Images/Dambreak2019LS-eps-converted-to.p
df>
(epstopdf)                    date: 2020-06-15 09:31:20
(epstopdf)                    size: 106785 bytes
(epstopdf)             Command: <repstopdf --outfile=./Images/Dambreak2019LS-ep
s-converted-to.pdf ./Images/Dambreak2019LS.eps>
(epstopdf)             \includegraphics on input line 925.
Package epstopdf Info: Output file is already uptodate.


pdfTeX warning: /usr/bin/pdflatex (file ./Images/Dambreak2019LS-eps-converted-t
o.pdf): PDF inclusion: found PDF version <1.7>, but at most version <1.5> allow
ed

<./Images/Dambreak2019LS-eps-converted-to.pdf, id=1090, 598.235pt x 164.615pt>
File: ./Images/Dambreak2019LS-eps-converted-to.pdf Graphic file (type pdf)

<use ./Images/Dambreak2019LS-eps-converted-to.pdf>
Package pdftex.def Info: ./Images/Dambreak2019LS-eps-converted-to.pdf used on i
nput line 925.
(pdftex.def)             Requested size: 481.99217pt x 132.63159pt.

Overfull \hbox (43.8199pt too wide) in paragraph at lines 925--926
 [][] 
 []

Package epstopdf Info: Source file: <./Images/DambreakVolumeDecrease2019.eps>
(epstopdf)                    date: 2020-06-12 11:06:28
(epstopdf)                    size: 32147 bytes
(epstopdf)             Output file: <./Images/DambreakVolumeDecrease2019-eps-co
nverted-to.pdf>
(epstopdf)                    date: 2020-06-15 09:31:20
(epstopdf)                    size: 12571 bytes
(epstopdf)             Command: <repstopdf --outfile=./Images/DambreakVolumeDec
rease2019-eps-converted-to.pdf ./Images/DambreakVolumeDecrease2019.eps>
(epstopdf)             \includegraphics on input line 931.
Package epstopdf Info: Output file is already uptodate.


pdfTeX warning: /usr/bin/pdflatex (file ./Images/DambreakVolumeDecrease2019-eps
-converted-to.pdf): PDF inclusion: found PDF version <1.7>, but at most version
 <1.5> allowed

<./Images/DambreakVolumeDecrease2019-eps-converted-to.pdf, id=1092, 421.575pt x
 316.18124pt>
File: ./Images/DambreakVolumeDecrease2019-eps-converted-to.pdf Graphic file (ty
pe pdf)
 <use ./Images/DambreakVolumeDecrease2019-eps-converted-to.pdf>
Package pdftex.def Info: ./Images/DambreakVolumeDecrease2019-eps-converted-to.p
df used on input line 931.
(pdftex.def)             Requested size: 262.90604pt x 197.1834pt.

[34 <./Images/Dambreak2019Times-eps-converted-to.pdf>] [35 <./Images/Dambreak20
19LS-eps-converted-to.pdf> <./Images/DambreakVolumeDecrease2019-eps-converted-t
o.pdf>]
Package epstopdf Info: Source file: <./Images/dambreak2020_V_MUSCL_LS_WENO_Pres
sure.eps>
(epstopdf)                    date: 2020-06-12 11:09:24
(epstopdf)                    size: 3662848 bytes
(epstopdf)             Output file: <./Images/dambreak2020_V_MUSCL_LS_WENO_Pres
sure-eps-converted-to.pdf>
(epstopdf)                    date: 2020-06-15 09:31:26
(epstopdf)                    size: 242650 bytes
(epstopdf)             Command: <repstopdf --outfile=./Images/dambreak2020_V_MU
SCL_LS_WENO_Pressure-eps-converted-to.pdf ./Images/dambreak2020_V_MUSCL_LS_WENO
_Pressure.eps>
(epstopdf)             \includegraphics on input line 953.
Package epstopdf Info: Output file is already uptodate.


pdfTeX warning: /usr/bin/pdflatex (file ./Images/dambreak2020_V_MUSCL_LS_WENO_P
ressure-eps-converted-to.pdf): PDF inclusion: found PDF version <1.7>, but at m
ost version <1.5> allowed

<./Images/dambreak2020_V_MUSCL_LS_WENO_Pressure-eps-converted-to.pdf, id=1135, 
598.235pt x 176.66pt>
File: ./Images/dambreak2020_V_MUSCL_LS_WENO_Pressure-eps-converted-to.pdf Graph
ic file (type pdf)

<use ./Images/dambreak2020_V_MUSCL_LS_WENO_Pressure-eps-converted-to.pdf>
Package pdftex.def Info: ./Images/dambreak2020_V_MUSCL_LS_WENO_Pressure-eps-con
verted-to.pdf used on input line 953.
(pdftex.def)             Requested size: 438.17227pt x 129.39471pt.
Package epstopdf Info: Source file: <./Images/dambreak2020_V_MUSCL_LS_MUSCL_Pre
ssure.eps>
(epstopdf)                    date: 2020-06-12 11:09:18
(epstopdf)                    size: 3662569 bytes
(epstopdf)             Output file: <./Images/dambreak2020_V_MUSCL_LS_MUSCL_Pre
ssure-eps-converted-to.pdf>
(epstopdf)                    date: 2020-06-15 09:31:30
(epstopdf)                    size: 242029 bytes
(epstopdf)             Command: <repstopdf --outfile=./Images/dambreak2020_V_MU
SCL_LS_MUSCL_Pressure-eps-converted-to.pdf ./Images/dambreak2020_V_MUSCL_LS_MUS
CL_Pressure.eps>
(epstopdf)             \includegraphics on input line 961.
Package epstopdf Info: Output file is already uptodate.


pdfTeX warning: /usr/bin/pdflatex (file ./Images/dambreak2020_V_MUSCL_LS_MUSCL_
Pressure-eps-converted-to.pdf): PDF inclusion: found PDF version <1.7>, but at 
most version <1.5> allowed

<./Images/dambreak2020_V_MUSCL_LS_MUSCL_Pressure-eps-converted-to.pdf, id=1136,
 598.235pt x 176.66pt>
File: ./Images/dambreak2020_V_MUSCL_LS_MUSCL_Pressure-eps-converted-to.pdf Grap
hic file (type pdf)

<use ./Images/dambreak2020_V_MUSCL_LS_MUSCL_Pressure-eps-converted-to.pdf>
Package pdftex.def Info: ./Images/dambreak2020_V_MUSCL_LS_MUSCL_Pressure-eps-co
nverted-to.pdf used on input line 961.
(pdftex.def)             Requested size: 438.17227pt x 129.39471pt.
Package epstopdf Info: Source file: <./Images/dambreaks_t0.eps>
(epstopdf)                    date: 2020-06-12 11:09:32
(epstopdf)                    size: 7325469 bytes
(epstopdf)             Output file: <./Images/dambreaks_t0-eps-converted-to.pdf
>
(epstopdf)                    date: 2020-06-15 09:31:42
(epstopdf)                    size: 474655 bytes
(epstopdf)             Command: <repstopdf --outfile=./Images/dambreaks_t0-eps-
converted-to.pdf ./Images/dambreaks_t0.eps>
(epstopdf)             \includegraphics on input line 967.
Package epstopdf Info: Output file is already uptodate.


pdfTeX warning: /usr/bin/pdflatex (file ./Images/dambreaks_t0-eps-converted-to.
pdf): PDF inclusion: found PDF version <1.7>, but at most version <1.5> allowed

<./Images/dambreaks_t0-eps-converted-to.pdf, id=1137, 598.235pt x 301.125pt>
File: ./Images/dambreaks_t0-eps-converted-to.pdf Graphic file (type pdf)

<use ./Images/dambreaks_t0-eps-converted-to.pdf>
Package pdftex.def Info: ./Images/dambreaks_t0-eps-converted-to.pdf used on inp
ut line 967.
(pdftex.def)             Requested size: 438.17227pt x 220.55917pt.
Package epstopdf Info: Source file: <./Images/dambreaks_t0p2.eps>
(epstopdf)                    date: 2020-06-12 11:09:40
(epstopdf)                    size: 7325594 bytes
(epstopdf)             Output file: <./Images/dambreaks_t0p2-eps-converted-to.p
df>
(epstopdf)                    date: 2020-06-15 09:31:52
(epstopdf)                    size: 480267 bytes
(epstopdf)             Command: <repstopdf --outfile=./Images/dambreaks_t0p2-ep
s-converted-to.pdf ./Images/dambreaks_t0p2.eps>
(epstopdf)             \includegraphics on input line 972.
Package epstopdf Info: Output file is already uptodate.


pdfTeX warning: /usr/bin/pdflatex (file ./Images/dambreaks_t0p2-eps-converted-t
o.pdf): PDF inclusion: found PDF version <1.7>, but at most version <1.5> allow
ed

<./Images/dambreaks_t0p2-eps-converted-to.pdf, id=1138, 598.235pt x 301.125pt>
File: ./Images/dambreaks_t0p2-eps-converted-to.pdf Graphic file (type pdf)

<use ./Images/dambreaks_t0p2-eps-converted-to.pdf>
Package pdftex.def Info: ./Images/dambreaks_t0p2-eps-converted-to.pdf used on i
nput line 972.
(pdftex.def)             Requested size: 438.17227pt x 220.55917pt.
Package epstopdf Info: Source file: <./Images/dambreaks_t0p5.eps>
(epstopdf)                    date: 2020-06-12 11:09:48
(epstopdf)                    size: 5554800 bytes
(epstopdf)             Output file: <./Images/dambreaks_t0p5-eps-converted-to.p
df>
(epstopdf)                    date: 2020-06-15 09:31:58
(epstopdf)                    size: 363559 bytes
(epstopdf)             Command: <repstopdf --outfile=./Images/dambreaks_t0p5-ep
s-converted-to.pdf ./Images/dambreaks_t0p5.eps>
(epstopdf)             \includegraphics on input line 977.
Package epstopdf Info: Output file is already uptodate.


pdfTeX warning: /usr/bin/pdflatex (file ./Images/dambreaks_t0p5-eps-converted-t
o.pdf): PDF inclusion: found PDF version <1.7>, but at most version <1.5> allow
ed

<./Images/dambreaks_t0p5-eps-converted-to.pdf, id=1139, 598.235pt x 301.125pt>
File: ./Images/dambreaks_t0p5-eps-converted-to.pdf Graphic file (type pdf)

<use ./Images/dambreaks_t0p5-eps-converted-to.pdf>
Package pdftex.def Info: ./Images/dambreaks_t0p5-eps-converted-to.pdf used on i
nput line 977.
(pdftex.def)             Requested size: 438.17227pt x 220.55917pt.
Package epstopdf Info: Source file: <./Images/dambreaks_t1.eps>
(epstopdf)                    date: 2020-06-12 11:09:56
(epstopdf)                    size: 5552468 bytes
(epstopdf)             Output file: <./Images/dambreaks_t1-eps-converted-to.pdf
>
(epstopdf)                    date: 2020-06-15 09:32:06
(epstopdf)                    size: 362209 bytes
(epstopdf)             Command: <repstopdf --outfile=./Images/dambreaks_t1-eps-
converted-to.pdf ./Images/dambreaks_t1.eps>
(epstopdf)             \includegraphics on input line 982.
Package epstopdf Info: Output file is already uptodate.


pdfTeX warning: /usr/bin/pdflatex (file ./Images/dambreaks_t1-eps-converted-to.
pdf): PDF inclusion: found PDF version <1.7>, but at most version <1.5> allowed

<./Images/dambreaks_t1-eps-converted-to.pdf, id=1140, 598.235pt x 301.125pt>
File: ./Images/dambreaks_t1-eps-converted-to.pdf Graphic file (type pdf)

<use ./Images/dambreaks_t1-eps-converted-to.pdf>
Package pdftex.def Info: ./Images/dambreaks_t1-eps-converted-to.pdf used on inp
ut line 982.
(pdftex.def)             Requested size: 438.17227pt x 220.55917pt.
Package epstopdf Info: Source file: <./Images/dambreaks_t2p5.eps>
(epstopdf)                    date: 2020-06-12 11:10:18
(epstopdf)                    size: 5548669 bytes
(epstopdf)             Output file: <./Images/dambreaks_t2p5-eps-converted-to.p
df>
(epstopdf)                    date: 2020-06-15 09:32:10
(epstopdf)                    size: 361135 bytes
(epstopdf)             Command: <repstopdf --outfile=./Images/dambreaks_t2p5-ep
s-converted-to.pdf ./Images/dambreaks_t2p5.eps>
(epstopdf)             \includegraphics on input line 987.
Package epstopdf Info: Output file is already uptodate.


pdfTeX warning: /usr/bin/pdflatex (file ./Images/dambreaks_t2p5-eps-converted-t
o.pdf): PDF inclusion: found PDF version <1.7>, but at most version <1.5> allow
ed

<./Images/dambreaks_t2p5-eps-converted-to.pdf, id=1141, 598.235pt x 301.125pt>
File: ./Images/dambreaks_t2p5-eps-converted-to.pdf Graphic file (type pdf)

<use ./Images/dambreaks_t2p5-eps-converted-to.pdf>
Package pdftex.def Info: ./Images/dambreaks_t2p5-eps-converted-to.pdf used on i
nput line 987.
(pdftex.def)             Requested size: 438.17227pt x 220.55917pt.
Package epstopdf Info: Source file: <./Images/dambreaks_t5.eps>
(epstopdf)                    date: 2020-06-12 11:10:26
(epstopdf)                    size: 5545976 bytes
(epstopdf)             Output file: <./Images/dambreaks_t5-eps-converted-to.pdf
>
(epstopdf)                    date: 2020-06-15 09:32:18
(epstopdf)                    size: 360592 bytes
(epstopdf)             Command: <repstopdf --outfile=./Images/dambreaks_t5-eps-
converted-to.pdf ./Images/dambreaks_t5.eps>
(epstopdf)             \includegraphics on input line 992.
Package epstopdf Info: Output file is already uptodate.


pdfTeX warning: /usr/bin/pdflatex (file ./Images/dambreaks_t5-eps-converted-to.
pdf): PDF inclusion: found PDF version <1.7>, but at most version <1.5> allowed

<./Images/dambreaks_t5-eps-converted-to.pdf, id=1142, 598.235pt x 301.125pt>
File: ./Images/dambreaks_t5-eps-converted-to.pdf Graphic file (type pdf)

<use ./Images/dambreaks_t5-eps-converted-to.pdf>
Package pdftex.def Info: ./Images/dambreaks_t5-eps-converted-to.pdf used on inp
ut line 992.
(pdftex.def)             Requested size: 438.17227pt x 220.55917pt.
Package epstopdf Info: Source file: <./Images/dambreaks_t7p5.eps>
(epstopdf)                    date: 2020-06-12 11:10:34
(epstopdf)                    size: 5543930 bytes
(epstopdf)             Output file: <./Images/dambreaks_t7p5-eps-converted-to.p
df>
(epstopdf)                    date: 2020-06-15 09:32:24
(epstopdf)                    size: 360042 bytes
(epstopdf)             Command: <repstopdf --outfile=./Images/dambreaks_t7p5-ep
s-converted-to.pdf ./Images/dambreaks_t7p5.eps>
(epstopdf)             \includegraphics on input line 997.
Package epstopdf Info: Output file is already uptodate.


pdfTeX warning: /usr/bin/pdflatex (file ./Images/dambreaks_t7p5-eps-converted-t
o.pdf): PDF inclusion: found PDF version <1.7>, but at most version <1.5> allow
ed

<./Images/dambreaks_t7p5-eps-converted-to.pdf, id=1143, 598.235pt x 301.125pt>
File: ./Images/dambreaks_t7p5-eps-converted-to.pdf Graphic file (type pdf)

<use ./Images/dambreaks_t7p5-eps-converted-to.pdf>
Package pdftex.def Info: ./Images/dambreaks_t7p5-eps-converted-to.pdf used on i
nput line 997.
(pdftex.def)             Requested size: 438.17227pt x 220.55917pt.
Package epstopdf Info: Source file: <./Images/dambreaks_t10.eps>
(epstopdf)                    date: 2020-06-12 11:10:04
(epstopdf)                    size: 5543057 bytes
(epstopdf)             Output file: <./Images/dambreaks_t10-eps-converted-to.pd
f>
(epstopdf)                    date: 2020-06-15 09:32:32
(epstopdf)                    size: 358778 bytes
(epstopdf)             Command: <repstopdf --outfile=./Images/dambreaks_t10-eps
-converted-to.pdf ./Images/dambreaks_t10.eps>
(epstopdf)             \includegraphics on input line 1002.
Package epstopdf Info: Output file is already uptodate.


pdfTeX warning: /usr/bin/pdflatex (file ./Images/dambreaks_t10-eps-converted-to
.pdf): PDF inclusion: found PDF version <1.7>, but at most version <1.5> allowe
d
<./Images/dambreaks_t10-eps-converted-to.pdf, id=1144, 598.235pt x 301.125pt>
File: ./Images/dambreaks_t10-eps-converted-to.pdf Graphic file (type pdf)

<use ./Images/dambreaks_t10-eps-converted-to.pdf>
Package pdftex.def Info: ./Images/dambreaks_t10-eps-converted-to.pdf used on in
put line 1002.
(pdftex.def)             Requested size: 438.17227pt x 220.55917pt.
 [36 <./Images/dambreak2020_V_MUSCL_LS_WENO_Pressure-eps-converted-to.pdf>] [37
 <./Images/dambreak2020_V_MUSCL_LS_MUSCL_Pressure-eps-converted-to.pdf> <./Imag
es/dambreaks_t0-eps-converted-to.pdf>] [38 <./Images/dambreaks_t0p2-eps-convert
ed-to.pdf> <./Images/dambreaks_t0p5-eps-converted-to.pdf>] [39 <./Images/dambre
aks_t1-eps-converted-to.pdf> <./Images/dambreaks_t2p5-eps-converted-to.pdf>] [4
0 <./Images/dambreaks_t5-eps-converted-to.pdf> <./Images/dambreaks_t7p5-eps-con
verted-to.pdf>] [41 <./Images/dambreaks_t10-eps-converted-to.pdf>]
Chapter 6.

Package Fancyhdr Warning: \fancyfoot's `E' option without twoside option is use
less on input line 1019.

[42

] (./Report_CSI.bbl

Package Fancyhdr Warning: \fancyfoot's `E' option without twoside option is use
less on input line 80.

[43


] [44])
Package atveryend Info: Empty hook `BeforeClearDocument' on input line 1024.
 [45]
Package atveryend Info: Empty hook `AfterLastShipout' on input line 1024.
 (./Report_CSI.aux)
Package atveryend Info: Executing hook `AtVeryEndDocument' on input line 1024.
Package atveryend Info: Executing hook `AtEndAfterFileList' on input line 1024.

Package rerunfilecheck Info: File `Report_CSI.out' has not changed.
(rerunfilecheck)             Checksum: 90A37590C4AEA93CC0E7392310B5F49B;3394.
 ) 
Here is how much of TeX's memory you used:
 12498 strings out of 494909
 190118 string characters out of 6179432
 295589 words of memory out of 5000000
 15297 multiletter control sequences out of 15000+600000
 19904 words of font info for 75 fonts, out of 8000000 for 9000
 14 hyphenation exceptions out of 8191
 42i,17n,51p,799b,509s stack positions out of 5000i,500n,10000p,200000b,80000s
 </home/tzanelli/.texlive2016/texmf-var/fonts/pk/ljfour/jknappen/ec/tcrm1095.
600pk></usr/share/texlive/texmf-dist/fonts/type1/public/amsfonts/cm/cmbx10.pfb>
</usr/share/texlive/texmf-dist/fonts/type1/public/amsfonts/cm/cmbx12.pfb></usr/
share/texlive/texmf-dist/fonts/type1/public/amsfonts/cm/cmcsc10.pfb></usr/share
/texlive/texmf-dist/fonts/type1/public/amsfonts/cm/cmex10.pfb></usr/share/texli
ve/texmf-dist/fonts/type1/public/amsfonts/cm/cmmi10.pfb></usr/share/texlive/tex
mf-dist/fonts/type1/public/amsfonts/cm/cmmi6.pfb></usr/share/texlive/texmf-dist
/fonts/type1/public/amsfonts/cm/cmmi8.pfb></usr/share/texlive/texmf-dist/fonts/
type1/public/amsfonts/cm/cmmib10.pfb></usr/share/texlive/texmf-dist/fonts/type1
/public/amsfonts/cmextra/cmmib8.pfb></usr/share/texlive/texmf-dist/fonts/type1/
public/amsfonts/cm/cmr10.pfb></usr/share/texlive/texmf-dist/fonts/type1/public/
amsfonts/cm/cmr12.pfb></usr/share/texlive/texmf-dist/fonts/type1/public/amsfont
s/cm/cmr6.pfb></usr/share/texlive/texmf-dist/fonts/type1/public/amsfonts/cm/cmr
8.pfb></usr/share/texlive/texmf-dist/fonts/type1/public/amsfonts/cm/cmsy10.pfb>
</usr/share/texlive/texmf-dist/fonts/type1/public/amsfonts/cm/cmsy6.pfb></usr/s
hare/texlive/texmf-dist/fonts/type1/public/amsfonts/cm/cmsy8.pfb></usr/share/te
xlive/texmf-dist/fonts/type1/public/amsfonts/cm/cmti10.pfb></usr/share/texlive/
texmf-dist/fonts/type1/public/amsfonts/cm/cmtt10.pfb></usr/share/texlive/texmf-
dist/fonts/type1/public/amsfonts/latxfont/line10.pfb>
Output written on Report_CSI.pdf (49 pages, 6553880 bytes).
PDF statistics:
 1429 PDF objects out of 1440 (max. 8388607)
 1174 compressed objects within 12 object streams
 262 named destinations out of 1000 (max. 500000)
 665 words of extra memory for PDF output out of 10000 (max. 10000000)

