\BOOKMARK [0][-]{chapter*.2}{Contents}{}% 1
\BOOKMARK [0][-]{chapter*.3}{List of Figures}{}% 2
\BOOKMARK [0][-]{chapter.1}{Introduction}{}% 3
\BOOKMARK [1][-]{section.1.1}{Motivations}{chapter.1}% 4
\BOOKMARK [1][-]{section.1.2}{History}{chapter.1}% 5
\BOOKMARK [0][-]{chapter.2}{The Solver}{}% 6
\BOOKMARK [1][-]{section.2.1}{Governing equations}{chapter.2}% 7
\BOOKMARK [1][-]{section.2.2}{Projection Scheme}{chapter.2}% 8
\BOOKMARK [1][-]{section.2.3}{Linear System Solution}{chapter.2}% 9
\BOOKMARK [1][-]{section.2.4}{Time Integration}{chapter.2}% 10
\BOOKMARK [1][-]{section.2.5}{Finite Volumes Formulation}{chapter.2}% 11
\BOOKMARK [1][-]{section.2.6}{Grid Management}{chapter.2}% 12
\BOOKMARK [1][-]{section.2.7}{Parallelization}{chapter.2}% 13
\BOOKMARK [1][-]{section.2.8}{Numerical Fluxes}{chapter.2}% 14
\BOOKMARK [2][-]{subsection.2.8.1}{First Order Scheme}{section.2.8}% 15
\BOOKMARK [2][-]{subsection.2.8.2}{MUSCL}{section.2.8}% 16
\BOOKMARK [2][-]{subsection.2.8.3}{WENO}{section.2.8}% 17
\BOOKMARK [1][-]{section.2.9}{Immersed Boundary}{chapter.2}% 18
\BOOKMARK [0][-]{chapter.3}{Multiphase flows}{}% 19
\BOOKMARK [1][-]{section.3.1}{Numerical description of the boundary}{chapter.3}% 20
\BOOKMARK [2][-]{subsection.3.1.1}{Lagrangian Methods}{section.3.1}% 21
\BOOKMARK [2][-]{subsection.3.1.2}{Volume of Fluid Method}{section.3.1}% 22
\BOOKMARK [2][-]{subsection.3.1.3}{Level Set Method}{section.3.1}% 23
\BOOKMARK [1][-]{section.3.2}{Evolution algorithm for the boundary}{chapter.3}% 24
\BOOKMARK [1][-]{section.3.3}{Scheme for imposing boundary conditions at the interface}{chapter.3}% 25
\BOOKMARK [0][-]{chapter.4}{Implementation}{}% 26
\BOOKMARK [1][-]{section.4.1}{Description of the Method}{chapter.4}% 27
\BOOKMARK [2][-]{subsection.4.1.1}{The Level Set function}{section.4.1}% 28
\BOOKMARK [2][-]{subsection.4.1.2}{Discontinuity management}{section.4.1}% 29
\BOOKMARK [2][-]{subsection.4.1.3}{Method summary}{section.4.1}% 30
\BOOKMARK [1][-]{section.4.2}{Variable coefficient Poisson Equation}{chapter.4}% 31
\BOOKMARK [2][-]{subsection.4.2.1}{PETSc Projection Scheme}{section.4.2}% 32
\BOOKMARK [2][-]{subsection.4.2.2}{Reinitialization of the Solver}{section.4.2}% 33
\BOOKMARK [2][-]{subsection.4.2.3}{Variable Density}{section.4.2}% 34
\BOOKMARK [1][-]{section.4.3}{Multiphase Scheme}{chapter.4}% 35
\BOOKMARK [1][-]{section.4.4}{Other Modifications}{chapter.4}% 36
\BOOKMARK [2][-]{subsection.4.4.1}{Initial Time Step}{section.4.4}% 37
\BOOKMARK [2][-]{subsection.4.4.2}{Null Pressure}{section.4.4}% 38
\BOOKMARK [0][-]{chapter.5}{Results}{}% 39
\BOOKMARK [1][-]{section.5.1}{Level Set Advection}{chapter.5}% 40
\BOOKMARK [2][-]{subsection.5.1.1}{Zalesak Disk}{section.5.1}% 41
\BOOKMARK [1][-]{section.5.2}{Poisson Equation}{chapter.5}% 42
\BOOKMARK [2][-]{subsection.5.2.1}{Solver Reinitialization Tests}{section.5.2}% 43
\BOOKMARK [2][-]{subsection.5.2.2}{Poisson Equation Convergence Tests}{section.5.2}% 44
\BOOKMARK [1][-]{section.5.3}{Multiphase Flow Tests}{chapter.5}% 45
\BOOKMARK [2][-]{subsection.5.3.1}{Hydrostatic Test Case}{section.5.3}% 46
\BOOKMARK [2][-]{subsection.5.3.2}{Linear Sloshing}{section.5.3}% 47
\BOOKMARK [2][-]{subsection.5.3.3}{Dambreak \(2019\)}{section.5.3}% 48
\BOOKMARK [2][-]{subsection.5.3.4}{Dambreak \(2020\)}{section.5.3}% 49
\BOOKMARK [0][-]{chapter.6}{Conclusions}{}% 50
\BOOKMARK [0][-]{chapter.6}{Bibliography}{}% 51
